

============================== 2022-09-02 03:54:30.077191 | c6a431c0-25be-4417-a04d-e1e4587bc5bc ==============================
03:54:30.077191 [info ] [MainThread]: Running with dbt=1.0.0
03:54:30.082899 [debug] [MainThread]: running dbt with arguments Namespace(cls=<class 'dbt.task.run.RunTask'>, debug=None, defer=None, event_buffer_size=None, exclude=None, fail_fast=None, full_refresh=False, log_cache_events=False, log_format=None, partial_parse=None, printer_width=None, profile=None, profiles_dir='/home/azureuser/.dbt', project_dir='/home/azureuser/shawn_dbt/Auctioneer', record_timing_info=None, rpc_method='run', select=['step8_1_DM_stg'], selector_name=None, send_anonymous_usage_stats=None, single_threaded=False, state=None, static_parser=None, target=None, threads=None, use_colors=None, use_experimental_parser=None, vars='{}', version_check=None, warn_error=None, which='run', write_json=None)
03:54:30.083204 [debug] [MainThread]: Tracking: tracking
03:54:30.083557 [debug] [MainThread]: Sending event: {'category': 'dbt', 'action': 'invocation', 'label': 'start', 'context': [<snowplow_tracker.self_describing_json.SelfDescribingJson object at 0x7f2e6cc38160>, <snowplow_tracker.self_describing_json.SelfDescribingJson object at 0x7f2e6cc381c0>, <snowplow_tracker.self_describing_json.SelfDescribingJson object at 0x7f2e6cc38220>]}
03:54:30.536554 [debug] [MainThread]: Partial parsing enabled: 0 files deleted, 0 files added, 0 files changed.
03:54:30.537033 [debug] [MainThread]: Partial parsing enabled, no changes found, skipping parsing
03:54:30.615492 [debug] [MainThread]: Sending event: {'category': 'dbt', 'action': 'load_project', 'label': 'c6a431c0-25be-4417-a04d-e1e4587bc5bc', 'context': [<snowplow_tracker.self_describing_json.SelfDescribingJson object at 0x7f2e6cab8f10>]}
03:54:30.834305 [debug] [MainThread]: Sending event: {'category': 'dbt', 'action': 'resource_counts', 'label': 'c6a431c0-25be-4417-a04d-e1e4587bc5bc', 'context': [<snowplow_tracker.self_describing_json.SelfDescribingJson object at 0x7f2e6bf945b0>]}
03:54:30.834855 [info ] [MainThread]: Found 1313 models, 0 tests, 363 snapshots, 0 analyses, 211 macros, 0 operations, 0 seed files, 0 sources, 0 exposures, 0 metrics
03:54:30.865020 [info ] [MainThread]: 
03:54:30.866216 [debug] [MainThread]: Acquiring new synapse connection "master"
03:54:30.868541 [debug] [ThreadPool]: Acquiring new synapse connection "list_BJAC_DW_PROD"
03:54:30.877939 [debug] [ThreadPool]: Opening a new connection, currently in state init
03:54:31.255602 [debug] [ThreadPool]: On list_BJAC_DW_PROD: Close
03:54:31.332504 [debug] [ThreadPool]: Acquiring new synapse connection "list_BJAC_DW_PROD_dbo"
03:54:31.340222 [debug] [ThreadPool]: Opening a new connection, currently in state closed
03:54:31.340603 [debug] [ThreadPool]: Acquiring new synapse connection "list_BJAC_DW_PROD_stg"
03:54:31.342495 [debug] [ThreadPool]: Opening a new connection, currently in state init
03:54:31.560733 [debug] [ThreadPool]: On list_BJAC_DW_PROD_dbo: ROLLBACK
03:54:31.561103 [debug] [ThreadPool]: On list_BJAC_DW_PROD_dbo: Close
03:54:31.691617 [debug] [ThreadPool]: On list_BJAC_DW_PROD_stg: ROLLBACK
03:54:31.702860 [debug] [ThreadPool]: On list_BJAC_DW_PROD_stg: Close
03:54:52.078830 [debug] [MainThread]: On master: COMMIT
03:54:52.079494 [info ] [MainThread]: Concurrency: 4 threads (target='dev')
03:54:52.080523 [info ] [MainThread]: 
03:54:52.084987 [debug] [Thread-1  ]: Began running node model.Shawn.Auct_Auction_DM_stg
03:54:52.085308 [info ] [Thread-1  ]: 1 of 4 START table model stg.Auct_Auction_DM_stg................................ [RUN]
03:54:52.085578 [debug] [Thread-2  ]: Began running node model.Shawn.Auct_Automobilia_DM_stg
03:54:52.086116 [info ] [Thread-2  ]: 2 of 4 START table model stg.Auct_Automobilia_DM_stg............................ [RUN]
03:54:52.086391 [debug] [Thread-3  ]: Began running node model.Shawn.Auct_Bidder_DM_stg
03:54:52.086578 [info ] [Thread-3  ]: 3 of 4 START table model stg.Auct_Bidder_DM_stg................................. [RUN]
03:54:52.086789 [debug] [Thread-4  ]: Began running node model.Shawn.Auct_Car_DM_stg
03:54:52.086984 [info ] [Thread-4  ]: 4 of 4 START table model stg.Auct_Car_DM_stg.................................... [RUN]
03:54:52.087988 [debug] [Thread-1  ]: Acquiring new synapse connection "model.Shawn.Auct_Auction_DM_stg"
03:54:52.088155 [debug] [Thread-1  ]: Began compiling node model.Shawn.Auct_Auction_DM_stg
03:54:52.088294 [debug] [Thread-1  ]: Compiling model.Shawn.Auct_Auction_DM_stg
03:54:52.091579 [debug] [Thread-1  ]: Writing injected SQL for node "model.Shawn.Auct_Auction_DM_stg"
03:54:52.092424 [debug] [Thread-2  ]: Acquiring new synapse connection "model.Shawn.Auct_Automobilia_DM_stg"
03:54:52.094604 [debug] [Thread-2  ]: Began compiling node model.Shawn.Auct_Automobilia_DM_stg
03:54:52.094748 [debug] [Thread-2  ]: Compiling model.Shawn.Auct_Automobilia_DM_stg
03:54:52.092959 [debug] [Thread-4  ]: Acquiring new synapse connection "model.Shawn.Auct_Car_DM_stg"
03:54:52.097537 [debug] [Thread-4  ]: Began compiling node model.Shawn.Auct_Car_DM_stg
03:54:52.097655 [debug] [Thread-4  ]: Compiling model.Shawn.Auct_Car_DM_stg
03:54:52.100085 [debug] [Thread-4  ]: Writing injected SQL for node "model.Shawn.Auct_Car_DM_stg"
03:54:52.100431 [debug] [Thread-4  ]: finished collecting timing info
03:54:52.100581 [debug] [Thread-4  ]: Began executing node model.Shawn.Auct_Car_DM_stg
03:54:52.092708 [debug] [Thread-3  ]: Acquiring new synapse connection "model.Shawn.Auct_Bidder_DM_stg"
03:54:52.107176 [debug] [Thread-3  ]: Began compiling node model.Shawn.Auct_Bidder_DM_stg
03:54:52.097358 [debug] [Thread-2  ]: Writing injected SQL for node "model.Shawn.Auct_Automobilia_DM_stg"
03:54:52.107590 [debug] [Thread-2  ]: finished collecting timing info
03:54:52.107792 [debug] [Thread-2  ]: Began executing node model.Shawn.Auct_Automobilia_DM_stg
03:54:52.106974 [debug] [Thread-1  ]: finished collecting timing info
03:54:52.125030 [debug] [Thread-1  ]: Began executing node model.Shawn.Auct_Auction_DM_stg
03:54:52.107298 [debug] [Thread-3  ]: Compiling model.Shawn.Auct_Bidder_DM_stg
03:54:52.138868 [debug] [Thread-3  ]: Writing injected SQL for node "model.Shawn.Auct_Bidder_DM_stg"
03:54:52.139151 [debug] [Thread-3  ]: finished collecting timing info
03:54:52.139289 [debug] [Thread-3  ]: Began executing node model.Shawn.Auct_Bidder_DM_stg
03:54:52.379039 [debug] [Thread-4  ]: Writing runtime SQL for node "model.Shawn.Auct_Car_DM_stg"
03:54:52.380060 [debug] [Thread-1  ]: Writing runtime SQL for node "model.Shawn.Auct_Auction_DM_stg"
03:54:52.384793 [debug] [Thread-1  ]: Opening a new connection, currently in state closed
03:54:52.382117 [debug] [Thread-3  ]: Writing runtime SQL for node "model.Shawn.Auct_Bidder_DM_stg"
03:54:52.386873 [debug] [Thread-3  ]: Opening a new connection, currently in state init
03:54:52.388121 [debug] [Thread-4  ]: Opening a new connection, currently in state init
03:54:52.384187 [debug] [Thread-2  ]: Writing runtime SQL for node "model.Shawn.Auct_Automobilia_DM_stg"
03:54:52.389202 [debug] [Thread-2  ]: Opening a new connection, currently in state closed
03:54:55.906156 [debug] [Thread-1  ]: On model.Shawn.Auct_Auction_DM_stg: COMMIT
03:54:56.180406 [debug] [Thread-1  ]: finished collecting timing info
03:54:56.180803 [debug] [Thread-1  ]: On model.Shawn.Auct_Auction_DM_stg: Close
03:54:56.181486 [debug] [Thread-1  ]: Sending event: {'category': 'dbt', 'action': 'run_model', 'label': 'c6a431c0-25be-4417-a04d-e1e4587bc5bc', 'context': [<snowplow_tracker.self_describing_json.SelfDescribingJson object at 0x7f2e69c58070>]}
03:54:56.181988 [info ] [Thread-1  ]: 1 of 4 OK created table model stg.Auct_Auction_DM_stg........................... [[32mOK[0m in 4.09s]
03:54:56.183008 [debug] [Thread-1  ]: Finished running node model.Shawn.Auct_Auction_DM_stg
03:54:56.320448 [debug] [Thread-4  ]: On model.Shawn.Auct_Car_DM_stg: COMMIT
03:54:57.436756 [debug] [Thread-4  ]: finished collecting timing info
03:54:57.437212 [debug] [Thread-4  ]: On model.Shawn.Auct_Car_DM_stg: Close
03:54:57.437930 [debug] [Thread-4  ]: Sending event: {'category': 'dbt', 'action': 'run_model', 'label': 'c6a431c0-25be-4417-a04d-e1e4587bc5bc', 'context': [<snowplow_tracker.self_describing_json.SelfDescribingJson object at 0x7f2e69d149d0>]}
03:54:57.438378 [info ] [Thread-4  ]: 4 of 4 OK created table model stg.Auct_Car_DM_stg............................... [[32mOK[0m in 5.34s]
03:54:57.439597 [debug] [Thread-4  ]: Finished running node model.Shawn.Auct_Car_DM_stg
03:54:57.486971 [debug] [Thread-3  ]: On model.Shawn.Auct_Bidder_DM_stg: COMMIT
03:54:57.791381 [debug] [Thread-2  ]: On model.Shawn.Auct_Automobilia_DM_stg: COMMIT
03:54:57.934244 [debug] [Thread-3  ]: finished collecting timing info
03:54:57.934615 [debug] [Thread-3  ]: On model.Shawn.Auct_Bidder_DM_stg: Close
03:54:57.935288 [debug] [Thread-3  ]: Sending event: {'category': 'dbt', 'action': 'run_model', 'label': 'c6a431c0-25be-4417-a04d-e1e4587bc5bc', 'context': [<snowplow_tracker.self_describing_json.SelfDescribingJson object at 0x7f2e69d14730>]}
03:54:57.935727 [info ] [Thread-3  ]: 3 of 4 OK created table model stg.Auct_Bidder_DM_stg............................ [[32mOK[0m in 5.84s]
03:54:57.936589 [debug] [Thread-3  ]: Finished running node model.Shawn.Auct_Bidder_DM_stg
03:54:58.340526 [debug] [Thread-2  ]: finished collecting timing info
03:54:58.340908 [debug] [Thread-2  ]: On model.Shawn.Auct_Automobilia_DM_stg: Close
03:54:58.341620 [debug] [Thread-2  ]: Sending event: {'category': 'dbt', 'action': 'run_model', 'label': 'c6a431c0-25be-4417-a04d-e1e4587bc5bc', 'context': [<snowplow_tracker.self_describing_json.SelfDescribingJson object at 0x7f2e69c528b0>]}
03:54:58.342102 [info ] [Thread-2  ]: 2 of 4 OK created table model stg.Auct_Automobilia_DM_stg....................... [[32mOK[0m in 6.25s]
03:54:58.343097 [debug] [Thread-2  ]: Finished running node model.Shawn.Auct_Automobilia_DM_stg
03:54:58.344958 [debug] [MainThread]: Acquiring new synapse connection "master"
03:54:58.345400 [debug] [MainThread]: On master: COMMIT
03:54:58.345791 [info ] [MainThread]: 
03:54:58.346426 [info ] [MainThread]: Finished running 4 table models in 27.48s.
03:54:58.347098 [debug] [MainThread]: Connection 'master' was properly closed.
03:54:58.347278 [debug] [MainThread]: Connection 'model.Shawn.Auct_Automobilia_DM_stg' was properly closed.
03:54:58.347407 [debug] [MainThread]: Connection 'model.Shawn.Auct_Auction_DM_stg' was properly closed.
03:54:58.347525 [debug] [MainThread]: Connection 'model.Shawn.Auct_Bidder_DM_stg' was properly closed.
03:54:58.347638 [debug] [MainThread]: Connection 'model.Shawn.Auct_Car_DM_stg' was properly closed.
03:54:58.509533 [info ] [MainThread]: 
03:54:58.510510 [info ] [MainThread]: [32mCompleted successfully[0m
03:54:58.511431 [info ] [MainThread]: 
03:54:58.512052 [info ] [MainThread]: Done. PASS=4 WARN=0 ERROR=0 SKIP=0 TOTAL=4
03:54:58.512991 [debug] [MainThread]: Sending event: {'category': 'dbt', 'action': 'invocation', 'label': 'end', 'context': [<snowplow_tracker.self_describing_json.SelfDescribingJson object at 0x7f2e6ec2afd0>, <snowplow_tracker.self_describing_json.SelfDescribingJson object at 0x7f2e6ec2a5e0>, <snowplow_tracker.self_describing_json.SelfDescribingJson object at 0x7f2e6bf94100>]}


============================== 2022-09-02 03:55:00.778574 | 666aa757-7cdd-4133-91ae-ecdca4f93c61 ==============================
03:55:00.778574 [info ] [MainThread]: Running with dbt=1.0.0
03:55:00.782508 [debug] [MainThread]: running dbt with arguments Namespace(cls=<class 'dbt.task.run.RunTask'>, debug=None, defer=None, event_buffer_size=None, exclude=None, fail_fast=None, full_refresh=False, log_cache_events=False, log_format=None, partial_parse=None, printer_width=None, profile=None, profiles_dir='/home/azureuser/.dbt', project_dir='/home/azureuser/shawn_dbt/Auctioneer', record_timing_info=None, rpc_method='run', select=['step8_2_DM'], selector_name=None, send_anonymous_usage_stats=None, single_threaded=False, state=None, static_parser=None, target=None, threads=None, use_colors=None, use_experimental_parser=None, vars='{}', version_check=None, warn_error=None, which='run', write_json=None)
03:55:00.782788 [debug] [MainThread]: Tracking: tracking
03:55:00.783147 [debug] [MainThread]: Sending event: {'category': 'dbt', 'action': 'invocation', 'label': 'start', 'context': [<snowplow_tracker.self_describing_json.SelfDescribingJson object at 0x7f12e29e3040>, <snowplow_tracker.self_describing_json.SelfDescribingJson object at 0x7f12e29e30a0>, <snowplow_tracker.self_describing_json.SelfDescribingJson object at 0x7f12e29e3100>]}
03:55:01.225545 [debug] [MainThread]: Partial parsing enabled: 0 files deleted, 0 files added, 0 files changed.
03:55:01.226043 [debug] [MainThread]: Partial parsing enabled, no changes found, skipping parsing
03:55:01.306016 [debug] [MainThread]: Sending event: {'category': 'dbt', 'action': 'load_project', 'label': '666aa757-7cdd-4133-91ae-ecdca4f93c61', 'context': [<snowplow_tracker.self_describing_json.SelfDescribingJson object at 0x7f12e2860e20>]}
03:55:01.539950 [debug] [MainThread]: Sending event: {'category': 'dbt', 'action': 'resource_counts', 'label': '666aa757-7cdd-4133-91ae-ecdca4f93c61', 'context': [<snowplow_tracker.self_describing_json.SelfDescribingJson object at 0x7f12e1cb9490>]}
03:55:01.540421 [info ] [MainThread]: Found 1313 models, 0 tests, 363 snapshots, 0 analyses, 211 macros, 0 operations, 0 seed files, 0 sources, 0 exposures, 0 metrics
03:55:01.570437 [info ] [MainThread]: 
03:55:01.571771 [debug] [MainThread]: Acquiring new synapse connection "master"
03:55:01.573288 [debug] [ThreadPool]: Acquiring new synapse connection "list_BJAC_DW_PROD"
03:55:01.582538 [debug] [ThreadPool]: Opening a new connection, currently in state init
03:55:01.888003 [debug] [ThreadPool]: On list_BJAC_DW_PROD: Close
03:55:01.961786 [debug] [ThreadPool]: Acquiring new synapse connection "list_BJAC_DW_PROD_dbo"
03:55:01.969783 [debug] [ThreadPool]: Opening a new connection, currently in state closed
03:55:01.970677 [debug] [ThreadPool]: Acquiring new synapse connection "list_BJAC_DW_PROD_stg"
03:55:01.972609 [debug] [ThreadPool]: Opening a new connection, currently in state init
03:55:02.173019 [debug] [ThreadPool]: On list_BJAC_DW_PROD_dbo: ROLLBACK
03:55:02.182900 [debug] [ThreadPool]: On list_BJAC_DW_PROD_dbo: Close
03:55:02.293194 [debug] [ThreadPool]: On list_BJAC_DW_PROD_stg: ROLLBACK
03:55:02.302977 [debug] [ThreadPool]: On list_BJAC_DW_PROD_stg: Close
03:55:17.692607 [debug] [MainThread]: On master: COMMIT
03:55:17.693233 [info ] [MainThread]: Concurrency: 4 threads (target='dev')
03:55:17.694551 [info ] [MainThread]: 
03:55:17.698255 [debug] [Thread-1  ]: Began running node model.Shawn.Auct_Auction_DM
03:55:17.698568 [info ] [Thread-1  ]: 1 of 5 START table model dbo.Auct_Auction_DM.................................... [RUN]
03:55:17.698834 [debug] [Thread-2  ]: Began running node model.Shawn.Auct_Auctioneer_DM
03:55:17.699015 [info ] [Thread-2  ]: 2 of 5 START table model dbo.Auct_Auctioneer_DM................................. [RUN]
03:55:17.699445 [debug] [Thread-3  ]: Began running node model.Shawn.Auct_Automobilia_DM
03:55:17.699680 [info ] [Thread-3  ]: 3 of 5 START table model dbo.Auct_Automobilia_DM................................ [RUN]
03:55:17.700031 [debug] [Thread-4  ]: Began running node model.Shawn.Auct_Bidder_DM
03:55:17.700246 [info ] [Thread-4  ]: 4 of 5 START table model dbo.Auct_Bidder_DM..................................... [RUN]
03:55:17.701192 [debug] [Thread-1  ]: Acquiring new synapse connection "model.Shawn.Auct_Auction_DM"
03:55:17.701356 [debug] [Thread-1  ]: Began compiling node model.Shawn.Auct_Auction_DM
03:55:17.701494 [debug] [Thread-1  ]: Compiling model.Shawn.Auct_Auction_DM
03:55:17.704267 [debug] [Thread-1  ]: Writing injected SQL for node "model.Shawn.Auct_Auction_DM"
03:55:17.704832 [debug] [Thread-2  ]: Acquiring new synapse connection "model.Shawn.Auct_Auctioneer_DM"
03:55:17.706072 [debug] [Thread-2  ]: Began compiling node model.Shawn.Auct_Auctioneer_DM
03:55:17.706216 [debug] [Thread-2  ]: Compiling model.Shawn.Auct_Auctioneer_DM
03:55:17.708386 [debug] [Thread-2  ]: Writing injected SQL for node "model.Shawn.Auct_Auctioneer_DM"
03:55:17.708725 [debug] [Thread-2  ]: finished collecting timing info
03:55:17.708880 [debug] [Thread-2  ]: Began executing node model.Shawn.Auct_Auctioneer_DM
03:55:17.705360 [debug] [Thread-4  ]: Acquiring new synapse connection "model.Shawn.Auct_Bidder_DM"
03:55:17.714480 [debug] [Thread-4  ]: Began compiling node model.Shawn.Auct_Bidder_DM
03:55:17.714626 [debug] [Thread-4  ]: Compiling model.Shawn.Auct_Bidder_DM
03:55:17.716682 [debug] [Thread-4  ]: Writing injected SQL for node "model.Shawn.Auct_Bidder_DM"
03:55:17.705113 [debug] [Thread-3  ]: Acquiring new synapse connection "model.Shawn.Auct_Automobilia_DM"
03:55:17.717464 [debug] [Thread-3  ]: Began compiling node model.Shawn.Auct_Automobilia_DM
03:55:17.717579 [debug] [Thread-3  ]: Compiling model.Shawn.Auct_Automobilia_DM
03:55:17.717261 [debug] [Thread-1  ]: finished collecting timing info
03:55:17.720320 [debug] [Thread-1  ]: Began executing node model.Shawn.Auct_Auction_DM
03:55:17.716976 [debug] [Thread-4  ]: finished collecting timing info
03:55:17.732408 [debug] [Thread-4  ]: Began executing node model.Shawn.Auct_Bidder_DM
03:55:17.720128 [debug] [Thread-3  ]: Writing injected SQL for node "model.Shawn.Auct_Automobilia_DM"
03:55:17.763808 [debug] [Thread-3  ]: finished collecting timing info
03:55:17.764089 [debug] [Thread-3  ]: Began executing node model.Shawn.Auct_Automobilia_DM
03:55:17.833308 [debug] [Thread-1  ]: Writing runtime SQL for node "model.Shawn.Auct_Auction_DM"
03:55:17.842548 [debug] [Thread-1  ]: Opening a new connection, currently in state closed
03:55:17.883184 [debug] [Thread-3  ]: Writing runtime SQL for node "model.Shawn.Auct_Automobilia_DM"
03:55:17.883651 [debug] [Thread-3  ]: Opening a new connection, currently in state init
03:55:17.885045 [debug] [Thread-2  ]: Writing runtime SQL for node "model.Shawn.Auct_Auctioneer_DM"
03:55:17.885962 [debug] [Thread-2  ]: Opening a new connection, currently in state closed
03:55:17.895878 [debug] [Thread-4  ]: Writing runtime SQL for node "model.Shawn.Auct_Bidder_DM"
03:55:17.896294 [debug] [Thread-4  ]: Opening a new connection, currently in state init
03:55:20.715906 [debug] [Thread-2  ]: On model.Shawn.Auct_Auctioneer_DM: COMMIT
03:55:20.771271 [debug] [Thread-3  ]: On model.Shawn.Auct_Automobilia_DM: COMMIT
03:55:21.061928 [debug] [Thread-2  ]: finished collecting timing info
03:55:21.062353 [debug] [Thread-2  ]: On model.Shawn.Auct_Auctioneer_DM: Close
03:55:21.063091 [debug] [Thread-2  ]: Sending event: {'category': 'dbt', 'action': 'run_model', 'label': '666aa757-7cdd-4133-91ae-ecdca4f93c61', 'context': [<snowplow_tracker.self_describing_json.SelfDescribingJson object at 0x7f12e029a4c0>]}
03:55:21.063584 [info ] [Thread-2  ]: 2 of 5 OK created table model dbo.Auct_Auctioneer_DM............................ [[32mOK[0m in 3.36s]
03:55:21.064658 [debug] [Thread-2  ]: Finished running node model.Shawn.Auct_Auctioneer_DM
03:55:21.064915 [debug] [Thread-2  ]: Began running node model.Shawn.Auct_Car_DM
03:55:21.065296 [info ] [Thread-2  ]: 5 of 5 START table model dbo.Auct_Car_DM........................................ [RUN]
03:55:21.066664 [debug] [Thread-2  ]: Acquiring new synapse connection "model.Shawn.Auct_Car_DM"
03:55:21.066862 [debug] [Thread-2  ]: Began compiling node model.Shawn.Auct_Car_DM
03:55:21.067020 [debug] [Thread-2  ]: Compiling model.Shawn.Auct_Car_DM
03:55:21.070092 [debug] [Thread-2  ]: Writing injected SQL for node "model.Shawn.Auct_Car_DM"
03:55:21.070539 [debug] [Thread-2  ]: finished collecting timing info
03:55:21.070756 [debug] [Thread-2  ]: Began executing node model.Shawn.Auct_Car_DM
03:55:21.112037 [debug] [Thread-2  ]: Writing runtime SQL for node "model.Shawn.Auct_Car_DM"
03:55:21.112591 [debug] [Thread-2  ]: Opening a new connection, currently in state closed
03:55:21.312187 [debug] [Thread-3  ]: finished collecting timing info
03:55:21.312582 [debug] [Thread-3  ]: On model.Shawn.Auct_Automobilia_DM: Close
03:55:21.313265 [debug] [Thread-3  ]: Sending event: {'category': 'dbt', 'action': 'run_model', 'label': '666aa757-7cdd-4133-91ae-ecdca4f93c61', 'context': [<snowplow_tracker.self_describing_json.SelfDescribingJson object at 0x7f12e029a790>]}
03:55:21.313779 [info ] [Thread-3  ]: 3 of 5 OK created table model dbo.Auct_Automobilia_DM........................... [[32mOK[0m in 3.61s]
03:55:21.314788 [debug] [Thread-3  ]: Finished running node model.Shawn.Auct_Automobilia_DM
03:55:21.324881 [debug] [Thread-1  ]: On model.Shawn.Auct_Auction_DM: COMMIT
03:55:21.570635 [debug] [Thread-1  ]: finished collecting timing info
03:55:21.571049 [debug] [Thread-1  ]: On model.Shawn.Auct_Auction_DM: Close
03:55:21.571733 [debug] [Thread-1  ]: Sending event: {'category': 'dbt', 'action': 'run_model', 'label': '666aa757-7cdd-4133-91ae-ecdca4f93c61', 'context': [<snowplow_tracker.self_describing_json.SelfDescribingJson object at 0x7f12e02a5790>]}
03:55:21.572218 [info ] [Thread-1  ]: 1 of 5 OK created table model dbo.Auct_Auction_DM............................... [[32mOK[0m in 3.87s]
03:55:21.573212 [debug] [Thread-1  ]: Finished running node model.Shawn.Auct_Auction_DM
03:55:22.140384 [debug] [Thread-4  ]: On model.Shawn.Auct_Bidder_DM: COMMIT
03:55:22.575287 [debug] [Thread-4  ]: finished collecting timing info
03:55:22.575693 [debug] [Thread-4  ]: On model.Shawn.Auct_Bidder_DM: Close
03:55:22.576394 [debug] [Thread-4  ]: Sending event: {'category': 'dbt', 'action': 'run_model', 'label': '666aa757-7cdd-4133-91ae-ecdca4f93c61', 'context': [<snowplow_tracker.self_describing_json.SelfDescribingJson object at 0x7f12e13fd580>]}
03:55:22.576847 [info ] [Thread-4  ]: 4 of 5 OK created table model dbo.Auct_Bidder_DM................................ [[32mOK[0m in 4.87s]
03:55:22.577860 [debug] [Thread-4  ]: Finished running node model.Shawn.Auct_Bidder_DM
03:55:23.296716 [debug] [Thread-2  ]: On model.Shawn.Auct_Car_DM: COMMIT
03:55:23.733383 [debug] [Thread-2  ]: finished collecting timing info
03:55:23.733793 [debug] [Thread-2  ]: On model.Shawn.Auct_Car_DM: Close
03:55:23.734515 [debug] [Thread-2  ]: Sending event: {'category': 'dbt', 'action': 'run_model', 'label': '666aa757-7cdd-4133-91ae-ecdca4f93c61', 'context': [<snowplow_tracker.self_describing_json.SelfDescribingJson object at 0x7f12e0192d30>]}
03:55:23.734977 [info ] [Thread-2  ]: 5 of 5 OK created table model dbo.Auct_Car_DM................................... [[32mOK[0m in 2.67s]
03:55:23.735946 [debug] [Thread-2  ]: Finished running node model.Shawn.Auct_Car_DM
03:55:23.737703 [debug] [MainThread]: Acquiring new synapse connection "master"
03:55:23.738167 [debug] [MainThread]: On master: COMMIT
03:55:23.738501 [info ] [MainThread]: 
03:55:23.739135 [info ] [MainThread]: Finished running 5 table models in 22.17s.
03:55:23.740001 [debug] [MainThread]: Connection 'master' was properly closed.
03:55:23.740186 [debug] [MainThread]: Connection 'model.Shawn.Auct_Car_DM' was properly closed.
03:55:23.740317 [debug] [MainThread]: Connection 'model.Shawn.Auct_Auction_DM' was properly closed.
03:55:23.740438 [debug] [MainThread]: Connection 'model.Shawn.Auct_Automobilia_DM' was properly closed.
03:55:23.740554 [debug] [MainThread]: Connection 'model.Shawn.Auct_Bidder_DM' was properly closed.
03:55:23.902523 [info ] [MainThread]: 
03:55:23.903516 [info ] [MainThread]: [32mCompleted successfully[0m
03:55:23.904427 [info ] [MainThread]: 
03:55:23.905027 [info ] [MainThread]: Done. PASS=5 WARN=0 ERROR=0 SKIP=0 TOTAL=5
03:55:23.905968 [debug] [MainThread]: Sending event: {'category': 'dbt', 'action': 'invocation', 'label': 'end', 'context': [<snowplow_tracker.self_describing_json.SelfDescribingJson object at 0x7f12e1cb9040>, <snowplow_tracker.self_describing_json.SelfDescribingJson object at 0x7f12e1ee49d0>, <snowplow_tracker.self_describing_json.SelfDescribingJson object at 0x7f12e13fb490>]}


============================== 2022-09-02 03:55:26.124461 | 337b87a1-fb62-4b0e-9459-941a78927921 ==============================
03:55:26.124461 [info ] [MainThread]: Running with dbt=1.0.0
03:55:26.125862 [debug] [MainThread]: running dbt with arguments Namespace(cls=<class 'dbt.task.run.RunTask'>, debug=None, defer=None, event_buffer_size=None, exclude=None, fail_fast=None, full_refresh=False, log_cache_events=False, log_format=None, partial_parse=None, printer_width=None, profile=None, profiles_dir='/home/azureuser/.dbt', project_dir='/home/azureuser/shawn_dbt/Auctioneer', record_timing_info=None, rpc_method='run', select=['step8_3_DM'], selector_name=None, send_anonymous_usage_stats=None, single_threaded=False, state=None, static_parser=None, target=None, threads=None, use_colors=None, use_experimental_parser=None, vars='{}', version_check=None, warn_error=None, which='run', write_json=None)
03:55:26.126161 [debug] [MainThread]: Tracking: tracking
03:55:26.126494 [debug] [MainThread]: Sending event: {'category': 'dbt', 'action': 'invocation', 'label': 'start', 'context': [<snowplow_tracker.self_describing_json.SelfDescribingJson object at 0x7fe95c58c2e0>, <snowplow_tracker.self_describing_json.SelfDescribingJson object at 0x7fe95c58c220>, <snowplow_tracker.self_describing_json.SelfDescribingJson object at 0x7fe95c58c280>]}
03:55:26.602998 [debug] [MainThread]: Partial parsing enabled: 0 files deleted, 0 files added, 0 files changed.
03:55:26.603478 [debug] [MainThread]: Partial parsing enabled, no changes found, skipping parsing
03:55:26.681679 [debug] [MainThread]: Sending event: {'category': 'dbt', 'action': 'load_project', 'label': '337b87a1-fb62-4b0e-9459-941a78927921', 'context': [<snowplow_tracker.self_describing_json.SelfDescribingJson object at 0x7fe95c444df0>]}
03:55:26.910015 [debug] [MainThread]: Sending event: {'category': 'dbt', 'action': 'resource_counts', 'label': '337b87a1-fb62-4b0e-9459-941a78927921', 'context': [<snowplow_tracker.self_describing_json.SelfDescribingJson object at 0x7fe95b895340>]}
03:55:26.910564 [info ] [MainThread]: Found 1313 models, 0 tests, 363 snapshots, 0 analyses, 211 macros, 0 operations, 0 seed files, 0 sources, 0 exposures, 0 metrics
03:55:26.941297 [info ] [MainThread]: 
03:55:26.942335 [debug] [MainThread]: Acquiring new synapse connection "master"
03:55:26.943901 [debug] [ThreadPool]: Acquiring new synapse connection "list_BJAC_DW_PROD"
03:55:26.953029 [debug] [ThreadPool]: Opening a new connection, currently in state init
03:55:27.235087 [debug] [ThreadPool]: On list_BJAC_DW_PROD: Close
03:55:27.309984 [debug] [ThreadPool]: Acquiring new synapse connection "list_BJAC_DW_PROD_dbo"
03:55:27.315877 [debug] [ThreadPool]: Opening a new connection, currently in state closed
03:55:27.316241 [debug] [ThreadPool]: Acquiring new synapse connection "list_BJAC_DW_PROD_stg"
03:55:27.318118 [debug] [ThreadPool]: Opening a new connection, currently in state init
03:55:27.502345 [debug] [ThreadPool]: On list_BJAC_DW_PROD_dbo: ROLLBACK
03:55:27.508634 [debug] [ThreadPool]: On list_BJAC_DW_PROD_dbo: Close
03:55:27.628622 [debug] [ThreadPool]: On list_BJAC_DW_PROD_stg: ROLLBACK
03:55:27.638863 [debug] [ThreadPool]: On list_BJAC_DW_PROD_stg: Close
03:55:43.121780 [debug] [MainThread]: On master: COMMIT
03:55:43.122423 [info ] [MainThread]: Concurrency: 4 threads (target='dev')
03:55:43.123485 [info ] [MainThread]: 
03:55:43.128164 [debug] [Thread-1  ]: Began running node model.Shawn.Auct_Customer_AuctionBidder_DM
03:55:43.128473 [info ] [Thread-1  ]: 1 of 2 START table model dbo.Auct_Customer_AuctionBidder_DM..................... [RUN]
03:55:43.128752 [debug] [Thread-2  ]: Began running node model.Shawn.Auct_Customer_Consignor_DM
03:55:43.128959 [info ] [Thread-2  ]: 2 of 2 START table model dbo.Auct_Customer_Consignor_DM......................... [RUN]
03:55:43.129908 [debug] [Thread-1  ]: Acquiring new synapse connection "model.Shawn.Auct_Customer_AuctionBidder_DM"
03:55:43.130082 [debug] [Thread-1  ]: Began compiling node model.Shawn.Auct_Customer_AuctionBidder_DM
03:55:43.130220 [debug] [Thread-1  ]: Compiling model.Shawn.Auct_Customer_AuctionBidder_DM
03:55:43.135302 [debug] [Thread-1  ]: Writing injected SQL for node "model.Shawn.Auct_Customer_AuctionBidder_DM"
03:55:43.135896 [debug] [Thread-2  ]: Acquiring new synapse connection "model.Shawn.Auct_Customer_Consignor_DM"
03:55:43.136519 [debug] [Thread-2  ]: Began compiling node model.Shawn.Auct_Customer_Consignor_DM
03:55:43.136673 [debug] [Thread-2  ]: Compiling model.Shawn.Auct_Customer_Consignor_DM
03:55:43.140923 [debug] [Thread-2  ]: Writing injected SQL for node "model.Shawn.Auct_Customer_Consignor_DM"
03:55:43.141470 [debug] [Thread-1  ]: finished collecting timing info
03:55:43.141663 [debug] [Thread-1  ]: Began executing node model.Shawn.Auct_Customer_AuctionBidder_DM
03:55:43.150975 [debug] [Thread-2  ]: finished collecting timing info
03:55:43.151147 [debug] [Thread-2  ]: Began executing node model.Shawn.Auct_Customer_Consignor_DM
03:55:43.248283 [debug] [Thread-2  ]: Writing runtime SQL for node "model.Shawn.Auct_Customer_Consignor_DM"
03:55:43.251236 [debug] [Thread-1  ]: Writing runtime SQL for node "model.Shawn.Auct_Customer_AuctionBidder_DM"
03:55:43.251982 [debug] [Thread-1  ]: Opening a new connection, currently in state closed
03:55:43.252332 [debug] [Thread-2  ]: Opening a new connection, currently in state closed
03:55:55.554554 [debug] [Thread-1  ]: On model.Shawn.Auct_Customer_AuctionBidder_DM: COMMIT
03:55:56.061652 [debug] [Thread-1  ]: finished collecting timing info
03:55:56.062097 [debug] [Thread-1  ]: On model.Shawn.Auct_Customer_AuctionBidder_DM: Close
03:55:56.062889 [debug] [Thread-1  ]: Sending event: {'category': 'dbt', 'action': 'run_model', 'label': '337b87a1-fb62-4b0e-9459-941a78927921', 'context': [<snowplow_tracker.self_describing_json.SelfDescribingJson object at 0x7fe95962cd60>]}
03:55:56.063393 [info ] [Thread-1  ]: 1 of 2 OK created table model dbo.Auct_Customer_AuctionBidder_DM................ [[32mOK[0m in 12.93s]
03:55:56.064435 [debug] [Thread-1  ]: Finished running node model.Shawn.Auct_Customer_AuctionBidder_DM
03:56:01.645048 [debug] [Thread-2  ]: On model.Shawn.Auct_Customer_Consignor_DM: COMMIT
03:56:02.136404 [debug] [Thread-2  ]: finished collecting timing info
03:56:02.136792 [debug] [Thread-2  ]: On model.Shawn.Auct_Customer_Consignor_DM: Close
03:56:02.137535 [debug] [Thread-2  ]: Sending event: {'category': 'dbt', 'action': 'run_model', 'label': '337b87a1-fb62-4b0e-9459-941a78927921', 'context': [<snowplow_tracker.self_describing_json.SelfDescribingJson object at 0x7fe9595d0100>]}
03:56:02.138028 [info ] [Thread-2  ]: 2 of 2 OK created table model dbo.Auct_Customer_Consignor_DM.................... [[32mOK[0m in 19.00s]
03:56:02.139038 [debug] [Thread-2  ]: Finished running node model.Shawn.Auct_Customer_Consignor_DM
03:56:02.140730 [debug] [MainThread]: Acquiring new synapse connection "master"
03:56:02.141183 [debug] [MainThread]: On master: COMMIT
03:56:02.141493 [info ] [MainThread]: 
03:56:02.142156 [info ] [MainThread]: Finished running 2 table models in 35.20s.
03:56:02.142995 [debug] [MainThread]: Connection 'master' was properly closed.
03:56:02.143177 [debug] [MainThread]: Connection 'model.Shawn.Auct_Customer_Consignor_DM' was properly closed.
03:56:02.143303 [debug] [MainThread]: Connection 'model.Shawn.Auct_Customer_AuctionBidder_DM' was properly closed.
03:56:02.315831 [info ] [MainThread]: 
03:56:02.316830 [info ] [MainThread]: [32mCompleted successfully[0m
03:56:02.317832 [info ] [MainThread]: 
03:56:02.318641 [info ] [MainThread]: Done. PASS=2 WARN=0 ERROR=0 SKIP=0 TOTAL=2
03:56:02.319514 [debug] [MainThread]: Sending event: {'category': 'dbt', 'action': 'invocation', 'label': 'end', 'context': [<snowplow_tracker.self_describing_json.SelfDescribingJson object at 0x7fe95b895400>, <snowplow_tracker.self_describing_json.SelfDescribingJson object at 0x7fe95c219af0>, <snowplow_tracker.self_describing_json.SelfDescribingJson object at 0x7fe9595d0610>]}


============================== 2022-09-02 03:56:04.573734 | e5742bd3-85ea-4a9c-9d34-1e5f6678ed66 ==============================
03:56:04.573734 [info ] [MainThread]: Running with dbt=1.0.0
03:56:04.575884 [debug] [MainThread]: running dbt with arguments Namespace(cls=<class 'dbt.task.run.RunTask'>, debug=None, defer=None, event_buffer_size=None, exclude=None, fail_fast=None, full_refresh=False, log_cache_events=False, log_format=None, partial_parse=None, printer_width=None, profile=None, profiles_dir='/home/azureuser/.dbt', project_dir='/home/azureuser/shawn_dbt/Auctioneer', record_timing_info=None, rpc_method='run', select=['step9_1_FT_stg'], selector_name=None, send_anonymous_usage_stats=None, single_threaded=False, state=None, static_parser=None, target=None, threads=None, use_colors=None, use_experimental_parser=None, vars='{}', version_check=None, warn_error=None, which='run', write_json=None)
03:56:04.576173 [debug] [MainThread]: Tracking: tracking
03:56:04.576517 [debug] [MainThread]: Sending event: {'category': 'dbt', 'action': 'invocation', 'label': 'start', 'context': [<snowplow_tracker.self_describing_json.SelfDescribingJson object at 0x7fbe245da2e0>, <snowplow_tracker.self_describing_json.SelfDescribingJson object at 0x7fbe245da220>, <snowplow_tracker.self_describing_json.SelfDescribingJson object at 0x7fbe245da280>]}
03:56:05.052815 [debug] [MainThread]: Partial parsing enabled: 0 files deleted, 0 files added, 0 files changed.
03:56:05.053311 [debug] [MainThread]: Partial parsing enabled, no changes found, skipping parsing
03:56:05.134414 [debug] [MainThread]: Sending event: {'category': 'dbt', 'action': 'load_project', 'label': 'e5742bd3-85ea-4a9c-9d34-1e5f6678ed66', 'context': [<snowplow_tracker.self_describing_json.SelfDescribingJson object at 0x7fbe24491df0>]}
03:56:05.385587 [debug] [MainThread]: Sending event: {'category': 'dbt', 'action': 'resource_counts', 'label': 'e5742bd3-85ea-4a9c-9d34-1e5f6678ed66', 'context': [<snowplow_tracker.self_describing_json.SelfDescribingJson object at 0x7fbe238e7340>]}
03:56:05.386171 [info ] [MainThread]: Found 1313 models, 0 tests, 363 snapshots, 0 analyses, 211 macros, 0 operations, 0 seed files, 0 sources, 0 exposures, 0 metrics
03:56:05.417441 [info ] [MainThread]: 
03:56:05.418760 [debug] [MainThread]: Acquiring new synapse connection "master"
03:56:05.420547 [debug] [ThreadPool]: Acquiring new synapse connection "list_BJAC_DW_PROD"
03:56:05.429846 [debug] [ThreadPool]: Opening a new connection, currently in state init
03:56:05.730127 [debug] [ThreadPool]: On list_BJAC_DW_PROD: Close
03:56:05.804548 [debug] [ThreadPool]: Acquiring new synapse connection "list_BJAC_DW_PROD_stg"
03:56:05.810436 [debug] [ThreadPool]: Opening a new connection, currently in state closed
03:56:05.810801 [debug] [ThreadPool]: Acquiring new synapse connection "list_BJAC_DW_PROD_dbo"
03:56:05.812712 [debug] [ThreadPool]: Opening a new connection, currently in state init
03:56:06.017935 [debug] [ThreadPool]: On list_BJAC_DW_PROD_dbo: ROLLBACK
03:56:06.025353 [debug] [ThreadPool]: On list_BJAC_DW_PROD_dbo: Close
03:56:06.148488 [debug] [ThreadPool]: On list_BJAC_DW_PROD_stg: ROLLBACK
03:56:06.158818 [debug] [ThreadPool]: On list_BJAC_DW_PROD_stg: Close
03:56:21.619320 [debug] [MainThread]: On master: COMMIT
03:56:21.619990 [info ] [MainThread]: Concurrency: 4 threads (target='dev')
03:56:21.620993 [info ] [MainThread]: 
03:56:21.625680 [debug] [Thread-1  ]: Began running node model.Shawn.Auct_AuctionBidder_FT_stg
03:56:21.626099 [info ] [Thread-1  ]: 1 of 3 START table model stg.Auct_AuctionBidder_FT_stg.......................... [RUN]
03:56:21.626681 [debug] [Thread-2  ]: Began running node model.Shawn.Auct_AuctionSale_FT_stg
03:56:21.626951 [info ] [Thread-2  ]: 2 of 3 START table model stg.Auct_AuctionSale_FT_stg............................ [RUN]
03:56:21.627188 [debug] [Thread-3  ]: Began running node model.Shawn.Auct_Consignment_FT_stg
03:56:21.627365 [info ] [Thread-3  ]: 3 of 3 START table model stg.Auct_Consignment_FT_stg............................ [RUN]
03:56:21.628431 [debug] [Thread-1  ]: Acquiring new synapse connection "model.Shawn.Auct_AuctionBidder_FT_stg"
03:56:21.629971 [debug] [Thread-1  ]: Began compiling node model.Shawn.Auct_AuctionBidder_FT_stg
03:56:21.630317 [debug] [Thread-1  ]: Compiling model.Shawn.Auct_AuctionBidder_FT_stg
03:56:21.629131 [debug] [Thread-2  ]: Acquiring new synapse connection "model.Shawn.Auct_AuctionSale_FT_stg"
03:56:21.633562 [debug] [Thread-2  ]: Began compiling node model.Shawn.Auct_AuctionSale_FT_stg
03:56:21.633707 [debug] [Thread-2  ]: Compiling model.Shawn.Auct_AuctionSale_FT_stg
03:56:21.636340 [debug] [Thread-2  ]: Writing injected SQL for node "model.Shawn.Auct_AuctionSale_FT_stg"
03:56:21.636706 [debug] [Thread-2  ]: finished collecting timing info
03:56:21.629423 [debug] [Thread-3  ]: Acquiring new synapse connection "model.Shawn.Auct_Consignment_FT_stg"
03:56:21.637081 [debug] [Thread-3  ]: Began compiling node model.Shawn.Auct_Consignment_FT_stg
03:56:21.637199 [debug] [Thread-3  ]: Compiling model.Shawn.Auct_Consignment_FT_stg
03:56:21.639607 [debug] [Thread-3  ]: Writing injected SQL for node "model.Shawn.Auct_Consignment_FT_stg"
03:56:21.633376 [debug] [Thread-1  ]: Writing injected SQL for node "model.Shawn.Auct_AuctionBidder_FT_stg"
03:56:21.640083 [debug] [Thread-1  ]: finished collecting timing info
03:56:21.640519 [debug] [Thread-1  ]: Began executing node model.Shawn.Auct_AuctionBidder_FT_stg
03:56:21.640338 [debug] [Thread-3  ]: finished collecting timing info
03:56:21.646865 [debug] [Thread-3  ]: Began executing node model.Shawn.Auct_Consignment_FT_stg
03:56:21.636858 [debug] [Thread-2  ]: Began executing node model.Shawn.Auct_AuctionSale_FT_stg
03:56:21.852965 [debug] [Thread-1  ]: Writing runtime SQL for node "model.Shawn.Auct_AuctionBidder_FT_stg"
03:56:21.854653 [debug] [Thread-2  ]: Writing runtime SQL for node "model.Shawn.Auct_AuctionSale_FT_stg"
03:56:21.856952 [debug] [Thread-2  ]: Opening a new connection, currently in state closed
03:56:21.858597 [debug] [Thread-1  ]: Opening a new connection, currently in state closed
03:56:21.856288 [debug] [Thread-3  ]: Writing runtime SQL for node "model.Shawn.Auct_Consignment_FT_stg"
03:56:21.859277 [debug] [Thread-3  ]: Opening a new connection, currently in state init
03:56:25.035906 [debug] [Thread-1  ]: On model.Shawn.Auct_AuctionBidder_FT_stg: COMMIT
03:56:25.702511 [debug] [Thread-1  ]: finished collecting timing info
03:56:25.702906 [debug] [Thread-1  ]: On model.Shawn.Auct_AuctionBidder_FT_stg: Close
03:56:25.703571 [debug] [Thread-1  ]: Sending event: {'category': 'dbt', 'action': 'run_model', 'label': 'e5742bd3-85ea-4a9c-9d34-1e5f6678ed66', 'context': [<snowplow_tracker.self_describing_json.SelfDescribingJson object at 0x7fbe21673eb0>]}
03:56:25.704053 [info ] [Thread-1  ]: 1 of 3 OK created table model stg.Auct_AuctionBidder_FT_stg..................... [[32mOK[0m in 4.08s]
03:56:25.705102 [debug] [Thread-1  ]: Finished running node model.Shawn.Auct_AuctionBidder_FT_stg
03:56:28.624071 [debug] [Thread-2  ]: On model.Shawn.Auct_AuctionSale_FT_stg: COMMIT
03:56:28.719356 [debug] [Thread-3  ]: On model.Shawn.Auct_Consignment_FT_stg: COMMIT
03:56:29.058291 [debug] [Thread-2  ]: finished collecting timing info
03:56:29.058709 [debug] [Thread-2  ]: On model.Shawn.Auct_AuctionSale_FT_stg: Close
03:56:29.059440 [debug] [Thread-2  ]: Sending event: {'category': 'dbt', 'action': 'run_model', 'label': 'e5742bd3-85ea-4a9c-9d34-1e5f6678ed66', 'context': [<snowplow_tracker.self_describing_json.SelfDescribingJson object at 0x7fbe2162d340>]}
03:56:29.059939 [info ] [Thread-2  ]: 2 of 3 OK created table model stg.Auct_AuctionSale_FT_stg....................... [[32mOK[0m in 7.43s]
03:56:29.060957 [debug] [Thread-2  ]: Finished running node model.Shawn.Auct_AuctionSale_FT_stg
03:56:29.353121 [debug] [Thread-3  ]: finished collecting timing info
03:56:29.353521 [debug] [Thread-3  ]: On model.Shawn.Auct_Consignment_FT_stg: Close
03:56:29.354284 [debug] [Thread-3  ]: Sending event: {'category': 'dbt', 'action': 'run_model', 'label': 'e5742bd3-85ea-4a9c-9d34-1e5f6678ed66', 'context': [<snowplow_tracker.self_describing_json.SelfDescribingJson object at 0x7fbe2162b040>]}
03:56:29.354741 [info ] [Thread-3  ]: 3 of 3 OK created table model stg.Auct_Consignment_FT_stg....................... [[32mOK[0m in 7.72s]
03:56:29.355724 [debug] [Thread-3  ]: Finished running node model.Shawn.Auct_Consignment_FT_stg
03:56:29.357531 [debug] [MainThread]: Acquiring new synapse connection "master"
03:56:29.358047 [debug] [MainThread]: On master: COMMIT
03:56:29.358425 [info ] [MainThread]: 
03:56:29.359058 [info ] [MainThread]: Finished running 3 table models in 23.94s.
03:56:29.359909 [debug] [MainThread]: Connection 'master' was properly closed.
03:56:29.360099 [debug] [MainThread]: Connection 'model.Shawn.Auct_AuctionBidder_FT_stg' was properly closed.
03:56:29.360231 [debug] [MainThread]: Connection 'model.Shawn.Auct_AuctionSale_FT_stg' was properly closed.
03:56:29.360350 [debug] [MainThread]: Connection 'model.Shawn.Auct_Consignment_FT_stg' was properly closed.
03:56:29.529458 [info ] [MainThread]: 
03:56:29.530466 [info ] [MainThread]: [32mCompleted successfully[0m
03:56:29.531186 [info ] [MainThread]: 
03:56:29.532048 [info ] [MainThread]: Done. PASS=3 WARN=0 ERROR=0 SKIP=0 TOTAL=3
03:56:29.533023 [debug] [MainThread]: Sending event: {'category': 'dbt', 'action': 'invocation', 'label': 'end', 'context': [<snowplow_tracker.self_describing_json.SelfDescribingJson object at 0x7fbe238e7400>, <snowplow_tracker.self_describing_json.SelfDescribingJson object at 0x7fbe217f4820>, <snowplow_tracker.self_describing_json.SelfDescribingJson object at 0x7fbe2426b490>]}


============================== 2022-09-02 03:56:31.759887 | 33671535-50fd-4776-98ba-209d328e3c27 ==============================
03:56:31.759887 [info ] [MainThread]: Running with dbt=1.0.0
03:56:31.766851 [debug] [MainThread]: running dbt with arguments Namespace(cls=<class 'dbt.task.run.RunTask'>, debug=None, defer=None, event_buffer_size=None, exclude=None, fail_fast=None, full_refresh=False, log_cache_events=False, log_format=None, partial_parse=None, printer_width=None, profile=None, profiles_dir='/home/azureuser/.dbt', project_dir='/home/azureuser/shawn_dbt/Auctioneer', record_timing_info=None, rpc_method='run', select=['step9_2_FT_tmp'], selector_name=None, send_anonymous_usage_stats=None, single_threaded=False, state=None, static_parser=None, target=None, threads=None, use_colors=None, use_experimental_parser=None, vars='{}', version_check=None, warn_error=None, which='run', write_json=None)
03:56:31.767185 [debug] [MainThread]: Tracking: tracking
03:56:31.767540 [debug] [MainThread]: Sending event: {'category': 'dbt', 'action': 'invocation', 'label': 'start', 'context': [<snowplow_tracker.self_describing_json.SelfDescribingJson object at 0x7fbe4effc3d0>, <snowplow_tracker.self_describing_json.SelfDescribingJson object at 0x7fbe4effcf40>, <snowplow_tracker.self_describing_json.SelfDescribingJson object at 0x7fbe4effc7c0>]}
03:56:32.215920 [debug] [MainThread]: Partial parsing enabled: 0 files deleted, 0 files added, 0 files changed.
03:56:32.216387 [debug] [MainThread]: Partial parsing enabled, no changes found, skipping parsing
03:56:32.295851 [debug] [MainThread]: Sending event: {'category': 'dbt', 'action': 'load_project', 'label': '33671535-50fd-4776-98ba-209d328e3c27', 'context': [<snowplow_tracker.self_describing_json.SelfDescribingJson object at 0x7fbe4eeb3ee0>]}
03:56:32.526746 [debug] [MainThread]: Sending event: {'category': 'dbt', 'action': 'resource_counts', 'label': '33671535-50fd-4776-98ba-209d328e3c27', 'context': [<snowplow_tracker.self_describing_json.SelfDescribingJson object at 0x7fbe4e391430>]}
03:56:32.527231 [info ] [MainThread]: Found 1313 models, 0 tests, 363 snapshots, 0 analyses, 211 macros, 0 operations, 0 seed files, 0 sources, 0 exposures, 0 metrics
03:56:32.557154 [info ] [MainThread]: 
03:56:32.558317 [debug] [MainThread]: Acquiring new synapse connection "master"
03:56:32.560070 [debug] [ThreadPool]: Acquiring new synapse connection "list_BJAC_DW_PROD"
03:56:32.569312 [debug] [ThreadPool]: Opening a new connection, currently in state init
03:56:32.870111 [debug] [ThreadPool]: On list_BJAC_DW_PROD: Close
03:56:32.945409 [debug] [ThreadPool]: Acquiring new synapse connection "list_BJAC_DW_PROD_dbo"
03:56:32.951447 [debug] [ThreadPool]: Opening a new connection, currently in state closed
03:56:32.951856 [debug] [ThreadPool]: Acquiring new synapse connection "list_BJAC_DW_PROD_stg"
03:56:32.955310 [debug] [ThreadPool]: Opening a new connection, currently in state init
03:56:33.172973 [debug] [ThreadPool]: On list_BJAC_DW_PROD_dbo: ROLLBACK
03:56:33.178053 [debug] [ThreadPool]: On list_BJAC_DW_PROD_dbo: Close
03:56:33.306177 [debug] [ThreadPool]: On list_BJAC_DW_PROD_stg: ROLLBACK
03:56:33.314828 [debug] [ThreadPool]: On list_BJAC_DW_PROD_stg: Close
03:56:48.722440 [debug] [MainThread]: On master: COMMIT
03:56:48.723065 [info ] [MainThread]: Concurrency: 4 threads (target='dev')
03:56:48.724090 [info ] [MainThread]: 
03:56:48.728787 [debug] [Thread-1  ]: Began running node model.Shawn.Auct_AuctionBidder_FT_tmp
03:56:48.729124 [info ] [Thread-1  ]: 1 of 3 START table model stg.Auct_AuctionBidder_FT_tmp.......................... [RUN]
03:56:48.729397 [debug] [Thread-2  ]: Began running node model.Shawn.Auct_AuctionSale_FT_tmp
03:56:48.729593 [info ] [Thread-2  ]: 2 of 3 START table model stg.Auct_AuctionSale_FT_tmp............................ [RUN]
03:56:48.730215 [debug] [Thread-3  ]: Began running node model.Shawn.Auct_Consignment_FT_tmp
03:56:48.730430 [info ] [Thread-3  ]: 3 of 3 START table model stg.Auct_Consignment_FT_tmp............................ [RUN]
03:56:48.731381 [debug] [Thread-1  ]: Acquiring new synapse connection "model.Shawn.Auct_AuctionBidder_FT_tmp"
03:56:48.731548 [debug] [Thread-1  ]: Began compiling node model.Shawn.Auct_AuctionBidder_FT_tmp
03:56:48.731688 [debug] [Thread-1  ]: Compiling model.Shawn.Auct_AuctionBidder_FT_tmp
03:56:48.734689 [debug] [Thread-1  ]: Writing injected SQL for node "model.Shawn.Auct_AuctionBidder_FT_tmp"
03:56:48.735412 [debug] [Thread-2  ]: Acquiring new synapse connection "model.Shawn.Auct_AuctionSale_FT_tmp"
03:56:48.736400 [debug] [Thread-2  ]: Began compiling node model.Shawn.Auct_AuctionSale_FT_tmp
03:56:48.736556 [debug] [Thread-2  ]: Compiling model.Shawn.Auct_AuctionSale_FT_tmp
03:56:48.735710 [debug] [Thread-3  ]: Acquiring new synapse connection "model.Shawn.Auct_Consignment_FT_tmp"
03:56:48.739472 [debug] [Thread-3  ]: Began compiling node model.Shawn.Auct_Consignment_FT_tmp
03:56:48.739591 [debug] [Thread-3  ]: Compiling model.Shawn.Auct_Consignment_FT_tmp
03:56:48.742392 [debug] [Thread-3  ]: Writing injected SQL for node "model.Shawn.Auct_Consignment_FT_tmp"
03:56:48.742782 [debug] [Thread-1  ]: finished collecting timing info
03:56:48.743053 [debug] [Thread-1  ]: Began executing node model.Shawn.Auct_AuctionBidder_FT_tmp
03:56:48.739285 [debug] [Thread-2  ]: Writing injected SQL for node "model.Shawn.Auct_AuctionSale_FT_tmp"
03:56:48.748790 [debug] [Thread-2  ]: finished collecting timing info
03:56:48.748946 [debug] [Thread-2  ]: Began executing node model.Shawn.Auct_AuctionSale_FT_tmp
03:56:48.743296 [debug] [Thread-3  ]: finished collecting timing info
03:56:48.762866 [debug] [Thread-3  ]: Began executing node model.Shawn.Auct_Consignment_FT_tmp
03:56:48.958604 [debug] [Thread-3  ]: Writing runtime SQL for node "model.Shawn.Auct_Consignment_FT_tmp"
03:56:48.960224 [debug] [Thread-1  ]: Writing runtime SQL for node "model.Shawn.Auct_AuctionBidder_FT_tmp"
03:56:48.962557 [debug] [Thread-1  ]: Opening a new connection, currently in state closed
03:56:48.964216 [debug] [Thread-3  ]: Opening a new connection, currently in state init
03:56:48.961890 [debug] [Thread-2  ]: Writing runtime SQL for node "model.Shawn.Auct_AuctionSale_FT_tmp"
03:56:48.965353 [debug] [Thread-2  ]: Opening a new connection, currently in state closed
03:57:02.956621 [debug] [Thread-1  ]: On model.Shawn.Auct_AuctionBidder_FT_tmp: COMMIT
03:57:03.271869 [debug] [Thread-3  ]: On model.Shawn.Auct_Consignment_FT_tmp: COMMIT
03:57:03.416855 [debug] [Thread-1  ]: finished collecting timing info
03:57:03.417279 [debug] [Thread-1  ]: On model.Shawn.Auct_AuctionBidder_FT_tmp: Close
03:57:03.418071 [debug] [Thread-1  ]: Sending event: {'category': 'dbt', 'action': 'run_model', 'label': '33671535-50fd-4776-98ba-209d328e3c27', 'context': [<snowplow_tracker.self_describing_json.SelfDescribingJson object at 0x7fbe4c095f10>]}
03:57:03.418585 [info ] [Thread-1  ]: 1 of 3 OK created table model stg.Auct_AuctionBidder_FT_tmp..................... [[32mOK[0m in 14.69s]
03:57:03.419598 [debug] [Thread-1  ]: Finished running node model.Shawn.Auct_AuctionBidder_FT_tmp
03:57:03.721024 [debug] [Thread-3  ]: finished collecting timing info
03:57:03.721426 [debug] [Thread-3  ]: On model.Shawn.Auct_Consignment_FT_tmp: Close
03:57:03.722191 [debug] [Thread-3  ]: Sending event: {'category': 'dbt', 'action': 'run_model', 'label': '33671535-50fd-4776-98ba-209d328e3c27', 'context': [<snowplow_tracker.self_describing_json.SelfDescribingJson object at 0x7fbe4c0d8580>]}
03:57:03.722669 [info ] [Thread-3  ]: 3 of 3 OK created table model stg.Auct_Consignment_FT_tmp....................... [[32mOK[0m in 14.99s]
03:57:03.723681 [debug] [Thread-3  ]: Finished running node model.Shawn.Auct_Consignment_FT_tmp
03:57:07.509612 [debug] [Thread-2  ]: On model.Shawn.Auct_AuctionSale_FT_tmp: COMMIT
03:57:07.926026 [debug] [Thread-2  ]: finished collecting timing info
03:57:07.926423 [debug] [Thread-2  ]: On model.Shawn.Auct_AuctionSale_FT_tmp: Close
03:57:07.927123 [debug] [Thread-2  ]: Sending event: {'category': 'dbt', 'action': 'run_model', 'label': '33671535-50fd-4776-98ba-209d328e3c27', 'context': [<snowplow_tracker.self_describing_json.SelfDescribingJson object at 0x7fbe4c042100>]}
03:57:07.927587 [info ] [Thread-2  ]: 2 of 3 OK created table model stg.Auct_AuctionSale_FT_tmp....................... [[32mOK[0m in 19.19s]
03:57:07.928612 [debug] [Thread-2  ]: Finished running node model.Shawn.Auct_AuctionSale_FT_tmp
03:57:07.930384 [debug] [MainThread]: Acquiring new synapse connection "master"
03:57:07.930845 [debug] [MainThread]: On master: COMMIT
03:57:07.931160 [info ] [MainThread]: 
03:57:07.931807 [info ] [MainThread]: Finished running 3 table models in 35.37s.
03:57:07.932712 [debug] [MainThread]: Connection 'master' was properly closed.
03:57:07.932904 [debug] [MainThread]: Connection 'model.Shawn.Auct_AuctionSale_FT_tmp' was properly closed.
03:57:07.933033 [debug] [MainThread]: Connection 'model.Shawn.Auct_AuctionBidder_FT_tmp' was properly closed.
03:57:07.933147 [debug] [MainThread]: Connection 'model.Shawn.Auct_Consignment_FT_tmp' was properly closed.
03:57:08.102519 [info ] [MainThread]: 
03:57:08.103514 [info ] [MainThread]: [32mCompleted successfully[0m
03:57:08.104485 [info ] [MainThread]: 
03:57:08.105100 [info ] [MainThread]: Done. PASS=3 WARN=0 ERROR=0 SKIP=0 TOTAL=3
03:57:08.106036 [debug] [MainThread]: Sending event: {'category': 'dbt', 'action': 'invocation', 'label': 'end', 'context': [<snowplow_tracker.self_describing_json.SelfDescribingJson object at 0x7fbe4eba2100>, <snowplow_tracker.self_describing_json.SelfDescribingJson object at 0x7fbe4eb717f0>, <snowplow_tracker.self_describing_json.SelfDescribingJson object at 0x7fbe4eb71d00>]}


============================== 2022-09-02 03:57:10.349866 | f4d673e7-5054-4d9c-a3ff-6e8591f0e217 ==============================
03:57:10.349866 [info ] [MainThread]: Running with dbt=1.0.0
03:57:10.351573 [debug] [MainThread]: running dbt with arguments Namespace(cls=<class 'dbt.task.run.RunTask'>, debug=None, defer=None, event_buffer_size=None, exclude=None, fail_fast=None, full_refresh=False, log_cache_events=False, log_format=None, partial_parse=None, printer_width=None, profile=None, profiles_dir='/home/azureuser/.dbt', project_dir='/home/azureuser/shawn_dbt/Auctioneer', record_timing_info=None, rpc_method='run', select=['step9_3_FT'], selector_name=None, send_anonymous_usage_stats=None, single_threaded=False, state=None, static_parser=None, target=None, threads=None, use_colors=None, use_experimental_parser=None, vars='{}', version_check=None, warn_error=None, which='run', write_json=None)
03:57:10.351883 [debug] [MainThread]: Tracking: tracking
03:57:10.352227 [debug] [MainThread]: Sending event: {'category': 'dbt', 'action': 'invocation', 'label': 'start', 'context': [<snowplow_tracker.self_describing_json.SelfDescribingJson object at 0x7f44ed50b220>, <snowplow_tracker.self_describing_json.SelfDescribingJson object at 0x7f44ed50b310>, <snowplow_tracker.self_describing_json.SelfDescribingJson object at 0x7f44ed50b340>]}
03:57:10.803291 [debug] [MainThread]: Partial parsing enabled: 0 files deleted, 0 files added, 0 files changed.
03:57:10.803776 [debug] [MainThread]: Partial parsing enabled, no changes found, skipping parsing
03:57:10.881865 [debug] [MainThread]: Sending event: {'category': 'dbt', 'action': 'load_project', 'label': 'f4d673e7-5054-4d9c-a3ff-6e8591f0e217', 'context': [<snowplow_tracker.self_describing_json.SelfDescribingJson object at 0x7f44ed3c2eb0>]}
03:57:11.111054 [debug] [MainThread]: Sending event: {'category': 'dbt', 'action': 'resource_counts', 'label': 'f4d673e7-5054-4d9c-a3ff-6e8591f0e217', 'context': [<snowplow_tracker.self_describing_json.SelfDescribingJson object at 0x7f44ec818400>]}
03:57:11.111580 [info ] [MainThread]: Found 1313 models, 0 tests, 363 snapshots, 0 analyses, 211 macros, 0 operations, 0 seed files, 0 sources, 0 exposures, 0 metrics
03:57:11.146112 [info ] [MainThread]: 
03:57:11.147533 [debug] [MainThread]: Acquiring new synapse connection "master"
03:57:11.149451 [debug] [ThreadPool]: Acquiring new synapse connection "list_BJAC_DW_PROD"
03:57:11.158754 [debug] [ThreadPool]: Opening a new connection, currently in state init
03:57:11.456690 [debug] [ThreadPool]: On list_BJAC_DW_PROD: Close
03:57:11.531206 [debug] [ThreadPool]: Acquiring new synapse connection "list_BJAC_DW_PROD_dbo"
03:57:11.539704 [debug] [ThreadPool]: Opening a new connection, currently in state closed
03:57:11.540135 [debug] [ThreadPool]: Acquiring new synapse connection "list_BJAC_DW_PROD_stg"
03:57:11.542193 [debug] [ThreadPool]: Opening a new connection, currently in state init
03:57:11.753007 [debug] [ThreadPool]: On list_BJAC_DW_PROD_dbo: ROLLBACK
03:57:11.753385 [debug] [ThreadPool]: On list_BJAC_DW_PROD_dbo: Close
03:57:11.902344 [debug] [ThreadPool]: On list_BJAC_DW_PROD_stg: ROLLBACK
03:57:11.914878 [debug] [ThreadPool]: On list_BJAC_DW_PROD_stg: Close
03:57:27.276763 [debug] [MainThread]: On master: COMMIT
03:57:27.277425 [info ] [MainThread]: Concurrency: 4 threads (target='dev')
03:57:27.278484 [info ] [MainThread]: 
03:57:27.282981 [debug] [Thread-1  ]: Began running node model.Shawn.Auct_AuctionBidder_FT
03:57:27.283314 [info ] [Thread-1  ]: 1 of 3 START table model dbo.Auct_AuctionBidder_FT.............................. [RUN]
03:57:27.283587 [debug] [Thread-2  ]: Began running node model.Shawn.Auct_AuctionSale_FT
03:57:27.283779 [info ] [Thread-2  ]: 2 of 3 START table model dbo.Auct_AuctionSale_FT................................ [RUN]
03:57:27.284217 [debug] [Thread-3  ]: Began running node model.Shawn.Auct_Consignment_FT
03:57:27.284456 [info ] [Thread-3  ]: 3 of 3 START table model dbo.Auct_Consignment_FT................................ [RUN]
03:57:27.285311 [debug] [Thread-1  ]: Acquiring new synapse connection "model.Shawn.Auct_AuctionBidder_FT"
03:57:27.285481 [debug] [Thread-1  ]: Began compiling node model.Shawn.Auct_AuctionBidder_FT
03:57:27.285624 [debug] [Thread-1  ]: Compiling model.Shawn.Auct_AuctionBidder_FT
03:57:27.286428 [debug] [Thread-2  ]: Acquiring new synapse connection "model.Shawn.Auct_AuctionSale_FT"
03:57:27.291038 [debug] [Thread-2  ]: Began compiling node model.Shawn.Auct_AuctionSale_FT
03:57:27.291167 [debug] [Thread-2  ]: Compiling model.Shawn.Auct_AuctionSale_FT
03:57:27.287038 [debug] [Thread-3  ]: Acquiring new synapse connection "model.Shawn.Auct_Consignment_FT"
03:57:27.294482 [debug] [Thread-3  ]: Began compiling node model.Shawn.Auct_Consignment_FT
03:57:27.294602 [debug] [Thread-3  ]: Compiling model.Shawn.Auct_Consignment_FT
03:57:27.297333 [debug] [Thread-3  ]: Writing injected SQL for node "model.Shawn.Auct_Consignment_FT"
03:57:27.290840 [debug] [Thread-1  ]: Writing injected SQL for node "model.Shawn.Auct_AuctionBidder_FT"
03:57:27.298161 [debug] [Thread-1  ]: finished collecting timing info
03:57:27.298377 [debug] [Thread-1  ]: Began executing node model.Shawn.Auct_AuctionBidder_FT
03:57:27.294299 [debug] [Thread-2  ]: Writing injected SQL for node "model.Shawn.Auct_AuctionSale_FT"
03:57:27.297776 [debug] [Thread-3  ]: finished collecting timing info
03:57:27.304114 [debug] [Thread-3  ]: Began executing node model.Shawn.Auct_Consignment_FT
03:57:27.303874 [debug] [Thread-2  ]: finished collecting timing info
03:57:27.321039 [debug] [Thread-2  ]: Began executing node model.Shawn.Auct_AuctionSale_FT
03:57:27.433080 [debug] [Thread-2  ]: Writing runtime SQL for node "model.Shawn.Auct_AuctionSale_FT"
03:57:27.435019 [debug] [Thread-3  ]: Writing runtime SQL for node "model.Shawn.Auct_Consignment_FT"
03:57:27.435715 [debug] [Thread-1  ]: Writing runtime SQL for node "model.Shawn.Auct_AuctionBidder_FT"
03:57:27.436310 [debug] [Thread-1  ]: Opening a new connection, currently in state closed
03:57:27.437958 [debug] [Thread-3  ]: Opening a new connection, currently in state init
03:57:27.439174 [debug] [Thread-2  ]: Opening a new connection, currently in state closed
03:57:34.509439 [debug] [Thread-1  ]: On model.Shawn.Auct_AuctionBidder_FT: COMMIT
03:57:35.114802 [debug] [Thread-1  ]: finished collecting timing info
03:57:35.115198 [debug] [Thread-1  ]: On model.Shawn.Auct_AuctionBidder_FT: Close
03:57:35.115882 [debug] [Thread-1  ]: Sending event: {'category': 'dbt', 'action': 'run_model', 'label': 'f4d673e7-5054-4d9c-a3ff-6e8591f0e217', 'context': [<snowplow_tracker.self_describing_json.SelfDescribingJson object at 0x7f44ea5a4ee0>]}
03:57:35.116350 [info ] [Thread-1  ]: 1 of 3 OK created table model dbo.Auct_AuctionBidder_FT......................... [[32mOK[0m in 7.83s]
03:57:35.117627 [debug] [Thread-1  ]: Finished running node model.Shawn.Auct_AuctionBidder_FT
03:57:36.315943 [debug] [Thread-2  ]: On model.Shawn.Auct_AuctionSale_FT: COMMIT
03:57:36.859360 [debug] [Thread-2  ]: finished collecting timing info
03:57:36.859768 [debug] [Thread-2  ]: On model.Shawn.Auct_AuctionSale_FT: Close
03:57:36.860475 [debug] [Thread-2  ]: Sending event: {'category': 'dbt', 'action': 'run_model', 'label': 'f4d673e7-5054-4d9c-a3ff-6e8591f0e217', 'context': [<snowplow_tracker.self_describing_json.SelfDescribingJson object at 0x7f44ea55d190>]}
03:57:36.860909 [info ] [Thread-2  ]: 2 of 3 OK created table model dbo.Auct_AuctionSale_FT........................... [[32mOK[0m in 9.57s]
03:57:36.861962 [debug] [Thread-2  ]: Finished running node model.Shawn.Auct_AuctionSale_FT
03:57:37.393345 [debug] [Thread-3  ]: On model.Shawn.Auct_Consignment_FT: COMMIT
03:57:38.173049 [debug] [Thread-3  ]: finished collecting timing info
03:57:38.173466 [debug] [Thread-3  ]: On model.Shawn.Auct_Consignment_FT: Close
03:57:38.174230 [debug] [Thread-3  ]: Sending event: {'category': 'dbt', 'action': 'run_model', 'label': 'f4d673e7-5054-4d9c-a3ff-6e8591f0e217', 'context': [<snowplow_tracker.self_describing_json.SelfDescribingJson object at 0x7f44ea5dd640>]}
03:57:38.174702 [info ] [Thread-3  ]: 3 of 3 OK created table model dbo.Auct_Consignment_FT........................... [[32mOK[0m in 10.89s]
03:57:38.175722 [debug] [Thread-3  ]: Finished running node model.Shawn.Auct_Consignment_FT
03:57:38.177518 [debug] [MainThread]: Acquiring new synapse connection "master"
03:57:38.178020 [debug] [MainThread]: On master: COMMIT
03:57:38.178400 [info ] [MainThread]: 
03:57:38.179028 [info ] [MainThread]: Finished running 3 table models in 27.03s.
03:57:38.181521 [debug] [MainThread]: Connection 'master' was properly closed.
03:57:38.181747 [debug] [MainThread]: Connection 'model.Shawn.Auct_AuctionSale_FT' was properly closed.
03:57:38.181896 [debug] [MainThread]: Connection 'model.Shawn.Auct_AuctionBidder_FT' was properly closed.
03:57:38.182016 [debug] [MainThread]: Connection 'model.Shawn.Auct_Consignment_FT' was properly closed.
03:57:38.270662 [info ] [MainThread]: 
03:57:38.271593 [info ] [MainThread]: [32mCompleted successfully[0m
03:57:38.272533 [info ] [MainThread]: 
03:57:38.273120 [info ] [MainThread]: Done. PASS=3 WARN=0 ERROR=0 SKIP=0 TOTAL=3
03:57:38.274035 [debug] [MainThread]: Sending event: {'category': 'dbt', 'action': 'invocation', 'label': 'end', 'context': [<snowplow_tracker.self_describing_json.SelfDescribingJson object at 0x7f44ed08bee0>, <snowplow_tracker.self_describing_json.SelfDescribingJson object at 0x7f44ed08baf0>, <snowplow_tracker.self_describing_json.SelfDescribingJson object at 0x7f44ea5a3670>]}
