

============================== 2022-09-15 02:49:59.714946 | be4cab2a-7e7e-4123-8ae2-3a4b84492c1a ==============================
02:49:59.714946 [info ] [MainThread]: Running with dbt=1.0.0
02:49:59.719286 [debug] [MainThread]: running dbt with arguments Namespace(cls=<class 'dbt.task.snapshot.SnapshotTask'>, debug=None, defer=None, event_buffer_size=None, exclude=None, fail_fast=None, log_cache_events=False, log_format=None, partial_parse=None, printer_width=None, profile=None, profiles_dir='/home/azureuser/.dbt', project_dir='/home/azureuser/shawn_dbt/BC', record_timing_info=None, rpc_method='snapshot', select=None, selector_name=None, send_anonymous_usage_stats=None, single_threaded=False, state=None, static_parser=None, target=None, threads=None, use_colors=None, use_experimental_parser=None, vars='{}', version_check=None, warn_error=None, which='snapshot', write_json=None)
02:49:59.719691 [debug] [MainThread]: Tracking: tracking
02:49:59.720141 [debug] [MainThread]: Sending event: {'category': 'dbt', 'action': 'invocation', 'label': 'start', 'context': [<snowplow_tracker.self_describing_json.SelfDescribingJson object at 0x7f65c7051070>, <snowplow_tracker.self_describing_json.SelfDescribingJson object at 0x7f65c70510d0>, <snowplow_tracker.self_describing_json.SelfDescribingJson object at 0x7f65c7051130>]}
02:49:59.758927 [info ] [MainThread]: Partial parse save file not found. Starting full parse.
02:49:59.760193 [debug] [MainThread]: Sending event: {'category': 'dbt', 'action': 'partial_parser', 'label': 'be4cab2a-7e7e-4123-8ae2-3a4b84492c1a', 'context': [<snowplow_tracker.self_describing_json.SelfDescribingJson object at 0x7f65c70645b0>]}
02:49:59.792455 [debug] [MainThread]: Parsing macros/generate_schema_name.sql
02:49:59.794097 [debug] [MainThread]: Parsing macros/materializations/tests/test.sql
02:49:59.800005 [debug] [MainThread]: Parsing macros/materializations/seeds/str_replace.sql
02:49:59.800906 [debug] [MainThread]: Parsing macros/materializations/seeds/helpers.sql
02:49:59.806565 [debug] [MainThread]: Parsing macros/materializations/snapshots/snapshot_merge.sql
02:49:59.808269 [debug] [MainThread]: Parsing macros/materializations/models/table/create_table_as.sql
02:49:59.811215 [debug] [MainThread]: Parsing macros/materializations/models/view/create_view_as.sql
02:49:59.811994 [debug] [MainThread]: Parsing macros/adapters/metadata.sql
02:49:59.814033 [debug] [MainThread]: Parsing macros/adapters/columns.sql
02:49:59.818587 [debug] [MainThread]: Parsing macros/adapters/relation.sql
02:49:59.821546 [debug] [MainThread]: Parsing macros/adapters/indexes.sql
02:49:59.827779 [debug] [MainThread]: Parsing macros/adapters/schema.sql
02:49:59.828781 [debug] [MainThread]: Parsing macros/adapters.sql
02:49:59.829037 [debug] [MainThread]: Parsing macros/materializations/tests/test.sql
02:49:59.833852 [debug] [MainThread]: Parsing macros/materializations/tests/helpers.sql
02:49:59.835204 [debug] [MainThread]: Parsing macros/materializations/seeds/helpers.sql
02:49:59.842489 [debug] [MainThread]: Parsing macros/materializations/snapshots/snapshot.sql
02:49:59.844015 [debug] [MainThread]: Parsing macros/materializations/snapshots/snapshot_merge.sql
02:49:59.844763 [debug] [MainThread]: Parsing macros/materializations/snapshots/strategies.sql
02:49:59.846230 [debug] [MainThread]: Parsing macros/materializations/models/incremental/merge.sql
02:49:59.848361 [debug] [MainThread]: Parsing macros/materializations/models/table/create_table_as.sql
02:49:59.851230 [debug] [MainThread]: Parsing macros/materializations/models/view/create_view_as.sql
02:49:59.852699 [debug] [MainThread]: Parsing macros/adapters/freshness.sql
02:49:59.853208 [debug] [MainThread]: Parsing macros/adapters/persist_docs.sql
02:49:59.853458 [debug] [MainThread]: Parsing macros/adapters/metadata.sql
02:49:59.857883 [debug] [MainThread]: Parsing macros/adapters/columns.sql
02:49:59.862527 [debug] [MainThread]: Parsing macros/adapters/relation.sql
02:49:59.867934 [debug] [MainThread]: Parsing macros/adapters/indexes.sql
02:49:59.877084 [debug] [MainThread]: Parsing macros/adapters/schema.sql
02:49:59.884080 [debug] [MainThread]: Parsing macros/materializations/hooks.sql
02:49:59.888155 [debug] [MainThread]: Parsing macros/materializations/configs.sql
02:49:59.890646 [debug] [MainThread]: Parsing macros/materializations/tests/where_subquery.sql
02:49:59.892582 [debug] [MainThread]: Parsing macros/materializations/tests/test.sql
02:49:59.958821 [debug] [MainThread]: Parsing macros/materializations/tests/helpers.sql
02:49:59.961091 [debug] [MainThread]: Parsing macros/materializations/seeds/seed.sql
02:49:59.969830 [debug] [MainThread]: Parsing macros/materializations/seeds/helpers.sql
02:49:59.988791 [debug] [MainThread]: Parsing macros/materializations/snapshots/snapshot.sql
02:50:00.000958 [debug] [MainThread]: Parsing macros/materializations/snapshots/snapshot_merge.sql
02:50:00.003025 [debug] [MainThread]: Parsing macros/materializations/snapshots/strategies.sql
02:50:00.022600 [debug] [MainThread]: Parsing macros/materializations/snapshots/helpers.sql
02:50:00.034394 [debug] [MainThread]: Parsing macros/materializations/models/incremental/column_helpers.sql
02:50:00.039343 [debug] [MainThread]: Parsing macros/materializations/models/incremental/merge.sql
02:50:00.051110 [debug] [MainThread]: Parsing macros/materializations/models/incremental/incremental.sql
02:50:00.062267 [debug] [MainThread]: Parsing macros/materializations/models/incremental/is_incremental.sql
02:50:00.064214 [debug] [MainThread]: Parsing macros/materializations/models/incremental/on_schema_change.sql
02:50:00.079872 [debug] [MainThread]: Parsing macros/materializations/models/table/table.sql
02:50:00.087545 [debug] [MainThread]: Parsing macros/materializations/models/table/create_table_as.sql
02:50:00.090771 [debug] [MainThread]: Parsing macros/materializations/models/view/create_view_as.sql
02:50:00.093392 [debug] [MainThread]: Parsing macros/materializations/models/view/create_or_replace_view.sql
02:50:00.096250 [debug] [MainThread]: Parsing macros/materializations/models/view/view.sql
02:50:00.103576 [debug] [MainThread]: Parsing macros/materializations/models/view/helpers.sql
02:50:00.105100 [debug] [MainThread]: Parsing macros/generic_test_sql/unique.sql
02:50:00.105942 [debug] [MainThread]: Parsing macros/generic_test_sql/accepted_values.sql
02:50:00.107416 [debug] [MainThread]: Parsing macros/generic_test_sql/not_null.sql
02:50:00.108090 [debug] [MainThread]: Parsing macros/generic_test_sql/relationships.sql
02:50:00.109069 [debug] [MainThread]: Parsing macros/adapters/freshness.sql
02:50:00.112062 [debug] [MainThread]: Parsing macros/adapters/persist_docs.sql
02:50:00.116542 [debug] [MainThread]: Parsing macros/adapters/metadata.sql
02:50:00.123904 [debug] [MainThread]: Parsing macros/adapters/columns.sql
02:50:00.133772 [debug] [MainThread]: Parsing macros/adapters/relation.sql
02:50:00.143710 [debug] [MainThread]: Parsing macros/adapters/indexes.sql
02:50:00.146763 [debug] [MainThread]: Parsing macros/adapters/schema.sql
02:50:00.149207 [debug] [MainThread]: Parsing macros/etc/datetime.sql
02:50:00.157830 [debug] [MainThread]: Parsing macros/etc/statement.sql
02:50:00.162441 [debug] [MainThread]: Parsing macros/get_custom_name/get_custom_database.sql
02:50:00.164249 [debug] [MainThread]: Parsing macros/get_custom_name/get_custom_schema.sql
02:50:00.166892 [debug] [MainThread]: Parsing macros/get_custom_name/get_custom_alias.sql
02:50:00.168537 [debug] [MainThread]: Parsing tests/generic/builtin.sql
02:50:00.432769 [debug] [MainThread]: 1699: static parser successfully parsed step1_InterView/BC_BJAuctionCompany_VendorLedgerEntry_0972_InterView.sql
02:50:00.443545 [debug] [MainThread]: 1699: static parser successfully parsed step1_InterView/BC_BJAuctionCompany_SalesInvoiceHeader_8d9d_InterView.sql
02:50:00.445997 [debug] [MainThread]: 1699: static parser successfully parsed step1_InterView/BC_BJAuctionCompany_PurchInvHeader_0972_InterView.sql
02:50:00.448241 [debug] [MainThread]: 1699: static parser successfully parsed step1_InterView/BC_BJAuctionCompany_Item_0972_InterView.sql
02:50:00.451119 [debug] [MainThread]: 1699: static parser successfully parsed step1_InterView/BC_BJAuctionCompany_CustLedgerEntry_0972_InterView.sql
02:50:00.453300 [debug] [MainThread]: 1699: static parser successfully parsed step1_InterView/BC_BJAuctionCompany_Vendor_0972_InterView.sql
02:50:00.455641 [debug] [MainThread]: 1699: static parser successfully parsed step1_InterView/BC_BJAuctionCompany_SalesCrMemoLine_0972_InterView.sql
02:50:00.457667 [debug] [MainThread]: 1699: static parser successfully parsed step1_InterView/BC_BJAuctionCompany_SalesInvoiceEntityAggregate_0972_InterView.sql
02:50:00.459694 [debug] [MainThread]: 1699: static parser successfully parsed step1_InterView/BC_BJAuctionCompany_PurchInvHeader_8d9d_InterView.sql
02:50:00.461701 [debug] [MainThread]: 1699: static parser successfully parsed step1_InterView/BC_BJAuctionCompany_DimensionSetEntry_0972_InterView.sql
02:50:00.463755 [debug] [MainThread]: 1699: static parser successfully parsed step1_InterView/BC_BJAuctionCompany_DetailedVendorLedgEntry_0972_InterView.sql
02:50:00.466074 [debug] [MainThread]: 1699: static parser successfully parsed step1_InterView/BC_BJAuctionCompany_Customer_0972_InterView.sql
02:50:00.468070 [debug] [MainThread]: 1699: static parser successfully parsed step1_InterView/BC_BJAuctionCompany_SalesCrMemoHeader_8d9d_InterView.sql
02:50:00.470177 [debug] [MainThread]: 1699: static parser successfully parsed step1_InterView/BC_BJAuctionCompany_PurchCrMemoLine_0972_InterView.sql
02:50:00.473594 [debug] [MainThread]: 1699: static parser successfully parsed step1_InterView/BC_BJAuctionCompany_PurchInvLine_0972_InterView.sql
02:50:00.475670 [debug] [MainThread]: 1699: static parser successfully parsed step1_InterView/BC_BJAuctionCompany_GLEntry_0972_InterView.sql
02:50:00.477781 [debug] [MainThread]: 1699: static parser successfully parsed step1_InterView/BC_BJAuctionCompany_SalesInvoiceHeader_0972_InterView.sql
02:50:00.481364 [debug] [MainThread]: 1699: static parser successfully parsed step1_InterView/BC_BJAuctionCompany_PurchCrMemoHdr_0972_InterView.sql
02:50:00.483471 [debug] [MainThread]: 1699: static parser successfully parsed step1_InterView/BC_BJAuctionCompany_PurchCrMemoHdr_8d9d_InterView.sql
02:50:00.485644 [debug] [MainThread]: 1699: static parser successfully parsed step1_InterView/BC_BJAuctionCompany_SalesInvoiceLine_0972_InterView.sql
02:50:00.487744 [debug] [MainThread]: 1699: static parser successfully parsed step1_InterView/BC_BJAuctionCompany_SalesCrMemoHeader_0972_InterView.sql
02:50:00.493918 [debug] [MainThread]: 1699: static parser successfully parsed step1_InterView/BC_BJAuctionCompany_DetailedCustLedgEntry_0972_InterView.sql
02:50:00.505382 [debug] [MainThread]: 1699: static parser successfully parsed step3_FinalView/BC_BJAuctionCompany_SalesInvoiceLine_0972_FinalView.sql
02:50:00.507824 [debug] [MainThread]: 1699: static parser successfully parsed step3_FinalView/BC_BJAuctionCompany_Item_0972_FinalView.sql
02:50:00.509965 [debug] [MainThread]: 1699: static parser successfully parsed step3_FinalView/BC_BJAuctionCompany_SalesInvoiceHeader_0972_FinalView.sql
02:50:00.516572 [debug] [MainThread]: 1699: static parser successfully parsed step3_FinalView/BC_BJAuctionCompany_PurchInvHeader_0972_FinalView.sql
02:50:00.524196 [debug] [MainThread]: 1699: static parser successfully parsed step3_FinalView/BC_BJAuctionCompany_SalesInvoiceHeader_8d9d_FinalView.sql
02:50:00.529733 [debug] [MainThread]: 1699: static parser successfully parsed step3_FinalView/BC_BJAuctionCompany_SalesCrMemoHeader_0972_FinalView.sql
02:50:00.532500 [debug] [MainThread]: 1699: static parser successfully parsed step3_FinalView/BC_BJAuctionCompany_SalesCrMemoLine_0972_FinalView.sql
02:50:00.534527 [debug] [MainThread]: 1699: static parser successfully parsed step3_FinalView/BC_BJAuctionCompany_SalesInvoiceEntityAggregate_0972_FinalView.sql
02:50:00.536548 [debug] [MainThread]: 1699: static parser successfully parsed step3_FinalView/BC_BJAuctionCompany_DimensionSetEntry_0972_FinalView.sql
02:50:00.538600 [debug] [MainThread]: 1699: static parser successfully parsed step3_FinalView/BC_BJAuctionCompany_PurchInvLine_0972_FinalView.sql
02:50:00.540642 [debug] [MainThread]: 1699: static parser successfully parsed step3_FinalView/BC_BJAuctionCompany_VendorLedgerEntry_0972_FinalView.sql
02:50:00.542935 [debug] [MainThread]: 1699: static parser successfully parsed step3_FinalView/BC_BJAuctionCompany_SalesCrMemoHeader_8d9d_FinalView.sql
02:50:00.544984 [debug] [MainThread]: 1699: static parser successfully parsed step3_FinalView/BC_BJAuctionCompany_GLEntry_0972_FinalView.sql
02:50:00.547015 [debug] [MainThread]: 1699: static parser successfully parsed step3_FinalView/BC_BJAuctionCompany_Vendor_0972_FinalView.sql
02:50:00.549018 [debug] [MainThread]: 1699: static parser successfully parsed step3_FinalView/BC_BJAuctionCompany_DetailedCustLedgEntry_0972_FinalView.sql
02:50:00.551069 [debug] [MainThread]: 1699: static parser successfully parsed step3_FinalView/BC_BJAuctionCompany_Customer_0972_FinalView.sql
02:50:00.553074 [debug] [MainThread]: 1699: static parser successfully parsed step3_FinalView/BC_BJAuctionCompany_PurchInvHeader_8d9d_FinalView.sql
02:50:00.556501 [debug] [MainThread]: 1699: static parser successfully parsed step3_FinalView/BC_BJAuctionCompany_PurchCrMemoLine_0972_FinalView.sql
02:50:00.560016 [debug] [MainThread]: 1699: static parser successfully parsed step3_FinalView/BC_BJAuctionCompany_CustLedgerEntry_0972_FinalView.sql
02:50:00.562024 [debug] [MainThread]: 1699: static parser successfully parsed step3_FinalView/BC_BJAuctionCompany_PurchCrMemoHdr_8d9d_FinalView.sql
02:50:00.564073 [debug] [MainThread]: 1699: static parser successfully parsed step3_FinalView/BC_BJAuctionCompany_DetailedVendorLedgEntry_0972_FinalView.sql
02:50:00.566116 [debug] [MainThread]: 1699: static parser successfully parsed step3_FinalView/BC_BJAuctionCompany_PurchCrMemoHdr_0972_FinalView.sql
02:50:00.759466 [debug] [MainThread]: Sending event: {'category': 'dbt', 'action': 'load_project', 'label': 'be4cab2a-7e7e-4123-8ae2-3a4b84492c1a', 'context': [<snowplow_tracker.self_describing_json.SelfDescribingJson object at 0x7f65c6cb32b0>]}
02:50:00.784506 [debug] [MainThread]: Sending event: {'category': 'dbt', 'action': 'resource_counts', 'label': 'be4cab2a-7e7e-4123-8ae2-3a4b84492c1a', 'context': [<snowplow_tracker.self_describing_json.SelfDescribingJson object at 0x7f65c6cb32b0>]}
02:50:00.785014 [info ] [MainThread]: Found 44 models, 0 tests, 22 snapshots, 0 analyses, 211 macros, 0 operations, 0 seed files, 0 sources, 0 exposures, 0 metrics
02:50:00.799421 [info ] [MainThread]: 
02:50:00.800816 [debug] [MainThread]: Acquiring new synapse connection "master"
02:50:00.805942 [debug] [ThreadPool]: Acquiring new synapse connection "list_BJAC_DW_PROD"
02:50:00.818664 [debug] [ThreadPool]: Opening a new connection, currently in state init
02:50:01.121995 [debug] [ThreadPool]: On list_BJAC_DW_PROD: Close
02:50:01.131350 [debug] [ThreadPool]: Acquiring new synapse connection "list_BJAC_DW_PROD_stg"
02:50:01.141947 [debug] [ThreadPool]: Opening a new connection, currently in state init
02:50:01.439766 [debug] [ThreadPool]: On list_BJAC_DW_PROD_stg: ROLLBACK
02:50:01.440277 [debug] [ThreadPool]: On list_BJAC_DW_PROD_stg: Close
02:50:11.261195 [debug] [MainThread]: On master: COMMIT
02:50:11.261899 [info ] [MainThread]: Concurrency: 4 threads (target='prod')
02:50:11.263079 [info ] [MainThread]: 
02:50:11.268327 [debug] [Thread-1  ]: Began running node snapshot.Shawn.BC_BJAuctionCompany_CustLedgerEntry_0972_Incr
02:50:11.268669 [info ] [Thread-1  ]: 1 of 22 START snapshot stg.BC_BJAuctionCompany_CustLedgerEntry_0972_Incr........ [RUN]
02:50:11.268945 [debug] [Thread-2  ]: Began running node snapshot.Shawn.BC_BJAuctionCompany_Customer_0972_Incr
02:50:11.269151 [info ] [Thread-2  ]: 2 of 22 START snapshot stg.BC_BJAuctionCompany_Customer_0972_Incr............... [RUN]
02:50:11.269447 [debug] [Thread-3  ]: Began running node snapshot.Shawn.BC_BJAuctionCompany_DetailedCustLedgEntry_0972_Incr
02:50:11.269663 [info ] [Thread-3  ]: 3 of 22 START snapshot stg.BC_BJAuctionCompany_DetailedCustLedgEntry_0972_Incr.. [RUN]
02:50:11.269918 [debug] [Thread-4  ]: Began running node snapshot.Shawn.BC_BJAuctionCompany_DetailedVendorLedgEntry_0972_Incr
02:50:11.270121 [info ] [Thread-4  ]: 4 of 22 START snapshot stg.BC_BJAuctionCompany_DetailedVendorLedgEntry_0972_Incr [RUN]
02:50:11.271431 [debug] [Thread-1  ]: Acquiring new synapse connection "snapshot.Shawn.BC_BJAuctionCompany_CustLedgerEntry_0972_Incr"
02:50:11.273188 [debug] [Thread-1  ]: Began compiling node snapshot.Shawn.BC_BJAuctionCompany_CustLedgerEntry_0972_Incr
02:50:11.273440 [debug] [Thread-1  ]: Compiling snapshot.Shawn.BC_BJAuctionCompany_CustLedgerEntry_0972_Incr
02:50:11.272625 [debug] [Thread-4  ]: Acquiring new synapse connection "snapshot.Shawn.BC_BJAuctionCompany_DetailedVendorLedgEntry_0972_Incr"
02:50:11.276890 [debug] [Thread-4  ]: Began compiling node snapshot.Shawn.BC_BJAuctionCompany_DetailedVendorLedgEntry_0972_Incr
02:50:11.277017 [debug] [Thread-4  ]: Compiling snapshot.Shawn.BC_BJAuctionCompany_DetailedVendorLedgEntry_0972_Incr
02:50:11.272071 [debug] [Thread-2  ]: Acquiring new synapse connection "snapshot.Shawn.BC_BJAuctionCompany_Customer_0972_Incr"
02:50:11.279846 [debug] [Thread-2  ]: Began compiling node snapshot.Shawn.BC_BJAuctionCompany_Customer_0972_Incr
02:50:11.279966 [debug] [Thread-2  ]: Compiling snapshot.Shawn.BC_BJAuctionCompany_Customer_0972_Incr
02:50:11.282284 [debug] [Thread-2  ]: finished collecting timing info
02:50:11.272371 [debug] [Thread-3  ]: Acquiring new synapse connection "snapshot.Shawn.BC_BJAuctionCompany_DetailedCustLedgEntry_0972_Incr"
02:50:11.282688 [debug] [Thread-3  ]: Began compiling node snapshot.Shawn.BC_BJAuctionCompany_DetailedCustLedgEntry_0972_Incr
02:50:11.282815 [debug] [Thread-3  ]: Compiling snapshot.Shawn.BC_BJAuctionCompany_DetailedCustLedgEntry_0972_Incr
02:50:11.285054 [debug] [Thread-3  ]: finished collecting timing info
02:50:11.285221 [debug] [Thread-3  ]: Began executing node snapshot.Shawn.BC_BJAuctionCompany_DetailedCustLedgEntry_0972_Incr
02:50:11.282463 [debug] [Thread-2  ]: Began executing node snapshot.Shawn.BC_BJAuctionCompany_Customer_0972_Incr
02:50:11.279661 [debug] [Thread-4  ]: finished collecting timing info
02:50:11.312339 [debug] [Thread-4  ]: Began executing node snapshot.Shawn.BC_BJAuctionCompany_DetailedVendorLedgEntry_0972_Incr
02:50:11.276701 [debug] [Thread-1  ]: finished collecting timing info
02:50:11.319770 [debug] [Thread-1  ]: Began executing node snapshot.Shawn.BC_BJAuctionCompany_CustLedgerEntry_0972_Incr
02:50:11.352333 [debug] [Thread-3  ]: Opening a new connection, currently in state init
02:50:11.358758 [debug] [Thread-4  ]: Opening a new connection, currently in state init
02:50:11.368734 [debug] [Thread-2  ]: Opening a new connection, currently in state closed
02:50:11.376709 [debug] [Thread-1  ]: Opening a new connection, currently in state closed
02:51:15.723896 [debug] [Thread-2  ]: Writing runtime SQL for node "snapshot.Shawn.BC_BJAuctionCompany_Customer_0972_Incr"
02:51:19.284272 [debug] [Thread-2  ]: On snapshot.Shawn.BC_BJAuctionCompany_Customer_0972_Incr: COMMIT
02:51:19.342181 [debug] [Thread-2  ]: finished collecting timing info
02:51:19.342734 [debug] [Thread-2  ]: On snapshot.Shawn.BC_BJAuctionCompany_Customer_0972_Incr: Close
02:51:19.343608 [debug] [Thread-2  ]: Sending event: {'category': 'dbt', 'action': 'run_model', 'label': 'be4cab2a-7e7e-4123-8ae2-3a4b84492c1a', 'context': [<snowplow_tracker.self_describing_json.SelfDescribingJson object at 0x7f65c479adf0>]}
02:51:19.344203 [info ] [Thread-2  ]: 2 of 22 OK snapshotted stg.BC_BJAuctionCompany_Customer_0972_Incr............... [[32mOK[0m in 68.07s]
02:51:19.345378 [debug] [Thread-2  ]: Finished running node snapshot.Shawn.BC_BJAuctionCompany_Customer_0972_Incr
02:51:19.345682 [debug] [Thread-2  ]: Began running node snapshot.Shawn.BC_BJAuctionCompany_DimensionSetEntry_0972_Incr
02:51:19.346133 [info ] [Thread-2  ]: 5 of 22 START snapshot stg.BC_BJAuctionCompany_DimensionSetEntry_0972_Incr...... [RUN]
02:51:19.347486 [debug] [Thread-2  ]: Acquiring new synapse connection "snapshot.Shawn.BC_BJAuctionCompany_DimensionSetEntry_0972_Incr"
02:51:19.347733 [debug] [Thread-2  ]: Began compiling node snapshot.Shawn.BC_BJAuctionCompany_DimensionSetEntry_0972_Incr
02:51:19.347933 [debug] [Thread-2  ]: Compiling snapshot.Shawn.BC_BJAuctionCompany_DimensionSetEntry_0972_Incr
02:51:19.351833 [debug] [Thread-2  ]: finished collecting timing info
02:51:19.352111 [debug] [Thread-2  ]: Began executing node snapshot.Shawn.BC_BJAuctionCompany_DimensionSetEntry_0972_Incr
02:51:19.355238 [debug] [Thread-2  ]: Opening a new connection, currently in state closed
02:51:21.334021 [debug] [Thread-4  ]: Writing runtime SQL for node "snapshot.Shawn.BC_BJAuctionCompany_DetailedVendorLedgEntry_0972_Incr"
02:51:24.731903 [debug] [Thread-4  ]: On snapshot.Shawn.BC_BJAuctionCompany_DetailedVendorLedgEntry_0972_Incr: COMMIT
02:51:24.809742 [debug] [Thread-4  ]: finished collecting timing info
02:51:24.810261 [debug] [Thread-4  ]: On snapshot.Shawn.BC_BJAuctionCompany_DetailedVendorLedgEntry_0972_Incr: Close
02:51:24.811126 [debug] [Thread-4  ]: Sending event: {'category': 'dbt', 'action': 'run_model', 'label': 'be4cab2a-7e7e-4123-8ae2-3a4b84492c1a', 'context': [<snowplow_tracker.self_describing_json.SelfDescribingJson object at 0x7f65c510ea90>]}
02:51:24.811718 [info ] [Thread-4  ]: 4 of 22 OK snapshotted stg.BC_BJAuctionCompany_DetailedVendorLedgEntry_0972_Incr [[32mOK[0m in 73.54s]
02:51:24.813220 [debug] [Thread-4  ]: Finished running node snapshot.Shawn.BC_BJAuctionCompany_DetailedVendorLedgEntry_0972_Incr
02:51:24.818971 [debug] [Thread-4  ]: Began running node snapshot.Shawn.BC_BJAuctionCompany_GLEntry_0972_Incr
02:51:24.819499 [info ] [Thread-4  ]: 6 of 22 START snapshot stg.BC_BJAuctionCompany_GLEntry_0972_Incr................ [RUN]
02:51:24.820870 [debug] [Thread-4  ]: Acquiring new synapse connection "snapshot.Shawn.BC_BJAuctionCompany_GLEntry_0972_Incr"
02:51:24.821118 [debug] [Thread-4  ]: Began compiling node snapshot.Shawn.BC_BJAuctionCompany_GLEntry_0972_Incr
02:51:24.821320 [debug] [Thread-4  ]: Compiling snapshot.Shawn.BC_BJAuctionCompany_GLEntry_0972_Incr
02:51:24.828969 [debug] [Thread-4  ]: finished collecting timing info
02:51:24.829321 [debug] [Thread-4  ]: Began executing node snapshot.Shawn.BC_BJAuctionCompany_GLEntry_0972_Incr
02:51:24.836693 [debug] [Thread-4  ]: Opening a new connection, currently in state closed
02:51:49.447879 [debug] [Thread-3  ]: Writing runtime SQL for node "snapshot.Shawn.BC_BJAuctionCompany_DetailedCustLedgEntry_0972_Incr"
02:51:54.996073 [debug] [Thread-3  ]: On snapshot.Shawn.BC_BJAuctionCompany_DetailedCustLedgEntry_0972_Incr: COMMIT
02:51:55.219925 [debug] [Thread-3  ]: finished collecting timing info
02:51:55.220444 [debug] [Thread-3  ]: On snapshot.Shawn.BC_BJAuctionCompany_DetailedCustLedgEntry_0972_Incr: Close
02:51:55.221289 [debug] [Thread-3  ]: Sending event: {'category': 'dbt', 'action': 'run_model', 'label': 'be4cab2a-7e7e-4123-8ae2-3a4b84492c1a', 'context': [<snowplow_tracker.self_describing_json.SelfDescribingJson object at 0x7f65c510e7f0>]}
02:51:55.221866 [info ] [Thread-3  ]: 3 of 22 OK snapshotted stg.BC_BJAuctionCompany_DetailedCustLedgEntry_0972_Incr.. [[32mOK[0m in 103.95s]
02:51:55.223102 [debug] [Thread-3  ]: Finished running node snapshot.Shawn.BC_BJAuctionCompany_DetailedCustLedgEntry_0972_Incr
02:51:55.223396 [debug] [Thread-3  ]: Began running node snapshot.Shawn.BC_BJAuctionCompany_Item_0972_Incr
02:51:55.223840 [info ] [Thread-3  ]: 7 of 22 START snapshot stg.BC_BJAuctionCompany_Item_0972_Incr................... [RUN]
02:51:55.225306 [debug] [Thread-3  ]: Acquiring new synapse connection "snapshot.Shawn.BC_BJAuctionCompany_Item_0972_Incr"
02:51:55.225539 [debug] [Thread-3  ]: Began compiling node snapshot.Shawn.BC_BJAuctionCompany_Item_0972_Incr
02:51:55.225735 [debug] [Thread-3  ]: Compiling snapshot.Shawn.BC_BJAuctionCompany_Item_0972_Incr
02:51:55.229235 [debug] [Thread-3  ]: finished collecting timing info
02:51:55.229504 [debug] [Thread-3  ]: Began executing node snapshot.Shawn.BC_BJAuctionCompany_Item_0972_Incr
02:51:55.232552 [debug] [Thread-3  ]: Opening a new connection, currently in state closed
02:51:56.380072 [debug] [Thread-1  ]: Writing runtime SQL for node "snapshot.Shawn.BC_BJAuctionCompany_CustLedgerEntry_0972_Incr"
02:52:03.447423 [debug] [Thread-1  ]: On snapshot.Shawn.BC_BJAuctionCompany_CustLedgerEntry_0972_Incr: COMMIT
02:52:03.605025 [debug] [Thread-1  ]: finished collecting timing info
02:52:03.605544 [debug] [Thread-1  ]: On snapshot.Shawn.BC_BJAuctionCompany_CustLedgerEntry_0972_Incr: Close
02:52:03.606503 [debug] [Thread-1  ]: Sending event: {'category': 'dbt', 'action': 'run_model', 'label': 'be4cab2a-7e7e-4123-8ae2-3a4b84492c1a', 'context': [<snowplow_tracker.self_describing_json.SelfDescribingJson object at 0x7f65c4fecfa0>]}
02:52:03.607107 [info ] [Thread-1  ]: 1 of 22 OK snapshotted stg.BC_BJAuctionCompany_CustLedgerEntry_0972_Incr........ [[32mOK[0m in 112.34s]
02:52:03.608296 [debug] [Thread-1  ]: Finished running node snapshot.Shawn.BC_BJAuctionCompany_CustLedgerEntry_0972_Incr
02:52:03.608588 [debug] [Thread-1  ]: Began running node snapshot.Shawn.BC_BJAuctionCompany_PurchCrMemoHdr_0972_Incr
02:52:03.609007 [info ] [Thread-1  ]: 8 of 22 START snapshot stg.BC_BJAuctionCompany_PurchCrMemoHdr_0972_Incr......... [RUN]
02:52:03.610249 [debug] [Thread-1  ]: Acquiring new synapse connection "snapshot.Shawn.BC_BJAuctionCompany_PurchCrMemoHdr_0972_Incr"
02:52:03.610476 [debug] [Thread-1  ]: Began compiling node snapshot.Shawn.BC_BJAuctionCompany_PurchCrMemoHdr_0972_Incr
02:52:03.610704 [debug] [Thread-1  ]: Compiling snapshot.Shawn.BC_BJAuctionCompany_PurchCrMemoHdr_0972_Incr
02:52:03.614582 [debug] [Thread-1  ]: finished collecting timing info
02:52:03.614873 [debug] [Thread-1  ]: Began executing node snapshot.Shawn.BC_BJAuctionCompany_PurchCrMemoHdr_0972_Incr
02:52:03.617825 [debug] [Thread-1  ]: Opening a new connection, currently in state closed
02:52:47.937726 [debug] [Thread-3  ]: Writing runtime SQL for node "snapshot.Shawn.BC_BJAuctionCompany_Item_0972_Incr"
02:52:53.780096 [debug] [Thread-3  ]: On snapshot.Shawn.BC_BJAuctionCompany_Item_0972_Incr: COMMIT
02:52:53.925320 [debug] [Thread-3  ]: finished collecting timing info
02:52:53.925852 [debug] [Thread-3  ]: On snapshot.Shawn.BC_BJAuctionCompany_Item_0972_Incr: Close
02:52:53.926753 [debug] [Thread-3  ]: Sending event: {'category': 'dbt', 'action': 'run_model', 'label': 'be4cab2a-7e7e-4123-8ae2-3a4b84492c1a', 'context': [<snowplow_tracker.self_describing_json.SelfDescribingJson object at 0x7f65c512a4f0>]}
02:52:53.927354 [info ] [Thread-3  ]: 7 of 22 OK snapshotted stg.BC_BJAuctionCompany_Item_0972_Incr................... [[32mOK[0m in 58.70s]
02:52:53.928637 [debug] [Thread-3  ]: Finished running node snapshot.Shawn.BC_BJAuctionCompany_Item_0972_Incr
02:52:53.928945 [debug] [Thread-3  ]: Began running node snapshot.Shawn.BC_BJAuctionCompany_PurchCrMemoHdr_8d9d_Incr
02:52:53.929397 [info ] [Thread-3  ]: 9 of 22 START snapshot stg.BC_BJAuctionCompany_PurchCrMemoHdr_8d9d_Incr......... [RUN]
02:52:53.930808 [debug] [Thread-3  ]: Acquiring new synapse connection "snapshot.Shawn.BC_BJAuctionCompany_PurchCrMemoHdr_8d9d_Incr"
02:52:53.931047 [debug] [Thread-3  ]: Began compiling node snapshot.Shawn.BC_BJAuctionCompany_PurchCrMemoHdr_8d9d_Incr
02:52:53.931244 [debug] [Thread-3  ]: Compiling snapshot.Shawn.BC_BJAuctionCompany_PurchCrMemoHdr_8d9d_Incr
02:52:53.935145 [debug] [Thread-3  ]: finished collecting timing info
02:52:53.935422 [debug] [Thread-3  ]: Began executing node snapshot.Shawn.BC_BJAuctionCompany_PurchCrMemoHdr_8d9d_Incr
02:52:53.938480 [debug] [Thread-3  ]: Opening a new connection, currently in state closed
02:53:10.612331 [debug] [Thread-1  ]: Writing runtime SQL for node "snapshot.Shawn.BC_BJAuctionCompany_PurchCrMemoHdr_0972_Incr"
02:53:15.734819 [debug] [Thread-1  ]: On snapshot.Shawn.BC_BJAuctionCompany_PurchCrMemoHdr_0972_Incr: COMMIT
02:53:16.010179 [debug] [Thread-1  ]: finished collecting timing info
02:53:16.010709 [debug] [Thread-1  ]: On snapshot.Shawn.BC_BJAuctionCompany_PurchCrMemoHdr_0972_Incr: Close
02:53:16.011509 [debug] [Thread-1  ]: Sending event: {'category': 'dbt', 'action': 'run_model', 'label': 'be4cab2a-7e7e-4123-8ae2-3a4b84492c1a', 'context': [<snowplow_tracker.self_describing_json.SelfDescribingJson object at 0x7f65c512a220>]}
02:53:16.012093 [info ] [Thread-1  ]: 8 of 22 OK snapshotted stg.BC_BJAuctionCompany_PurchCrMemoHdr_0972_Incr......... [[32mOK[0m in 72.40s]
02:53:16.013338 [debug] [Thread-1  ]: Finished running node snapshot.Shawn.BC_BJAuctionCompany_PurchCrMemoHdr_0972_Incr
02:53:16.013624 [debug] [Thread-1  ]: Began running node snapshot.Shawn.BC_BJAuctionCompany_PurchCrMemoLine_0972_Incr
02:53:16.014034 [info ] [Thread-1  ]: 10 of 22 START snapshot stg.BC_BJAuctionCompany_PurchCrMemoLine_0972_Incr....... [RUN]
02:53:16.015291 [debug] [Thread-1  ]: Acquiring new synapse connection "snapshot.Shawn.BC_BJAuctionCompany_PurchCrMemoLine_0972_Incr"
02:53:16.015517 [debug] [Thread-1  ]: Began compiling node snapshot.Shawn.BC_BJAuctionCompany_PurchCrMemoLine_0972_Incr
02:53:16.015711 [debug] [Thread-1  ]: Compiling snapshot.Shawn.BC_BJAuctionCompany_PurchCrMemoLine_0972_Incr
02:53:16.019524 [debug] [Thread-1  ]: finished collecting timing info
02:53:16.019793 [debug] [Thread-1  ]: Began executing node snapshot.Shawn.BC_BJAuctionCompany_PurchCrMemoLine_0972_Incr
02:53:16.022600 [debug] [Thread-1  ]: Opening a new connection, currently in state closed
02:54:00.503150 [debug] [Thread-3  ]: Writing runtime SQL for node "snapshot.Shawn.BC_BJAuctionCompany_PurchCrMemoHdr_8d9d_Incr"
02:54:03.255116 [debug] [Thread-3  ]: On snapshot.Shawn.BC_BJAuctionCompany_PurchCrMemoHdr_8d9d_Incr: COMMIT
02:54:03.329913 [debug] [Thread-3  ]: finished collecting timing info
02:54:03.330461 [debug] [Thread-3  ]: On snapshot.Shawn.BC_BJAuctionCompany_PurchCrMemoHdr_8d9d_Incr: Close
02:54:03.332132 [debug] [Thread-3  ]: Sending event: {'category': 'dbt', 'action': 'run_model', 'label': 'be4cab2a-7e7e-4123-8ae2-3a4b84492c1a', 'context': [<snowplow_tracker.self_describing_json.SelfDescribingJson object at 0x7f65c462ec10>]}
02:54:03.332743 [info ] [Thread-3  ]: 9 of 22 OK snapshotted stg.BC_BJAuctionCompany_PurchCrMemoHdr_8d9d_Incr......... [[32mOK[0m in 69.40s]
02:54:03.334312 [debug] [Thread-3  ]: Finished running node snapshot.Shawn.BC_BJAuctionCompany_PurchCrMemoHdr_8d9d_Incr
02:54:03.334637 [debug] [Thread-3  ]: Began running node snapshot.Shawn.BC_BJAuctionCompany_PurchInvHeader_0972_Incr
02:54:03.335079 [info ] [Thread-3  ]: 11 of 22 START snapshot stg.BC_BJAuctionCompany_PurchInvHeader_0972_Incr........ [RUN]
02:54:03.336463 [debug] [Thread-3  ]: Acquiring new synapse connection "snapshot.Shawn.BC_BJAuctionCompany_PurchInvHeader_0972_Incr"
02:54:03.336739 [debug] [Thread-3  ]: Began compiling node snapshot.Shawn.BC_BJAuctionCompany_PurchInvHeader_0972_Incr
02:54:03.336942 [debug] [Thread-3  ]: Compiling snapshot.Shawn.BC_BJAuctionCompany_PurchInvHeader_0972_Incr
02:54:03.340846 [debug] [Thread-3  ]: finished collecting timing info
02:54:03.341140 [debug] [Thread-3  ]: Began executing node snapshot.Shawn.BC_BJAuctionCompany_PurchInvHeader_0972_Incr
02:54:03.344246 [debug] [Thread-3  ]: Opening a new connection, currently in state closed
02:54:03.450037 [debug] [Thread-1  ]: Writing runtime SQL for node "snapshot.Shawn.BC_BJAuctionCompany_PurchCrMemoLine_0972_Incr"
02:54:07.466149 [debug] [Thread-1  ]: On snapshot.Shawn.BC_BJAuctionCompany_PurchCrMemoLine_0972_Incr: COMMIT
02:54:07.551108 [debug] [Thread-1  ]: finished collecting timing info
02:54:07.551581 [debug] [Thread-1  ]: On snapshot.Shawn.BC_BJAuctionCompany_PurchCrMemoLine_0972_Incr: Close
02:54:07.552367 [debug] [Thread-1  ]: Sending event: {'category': 'dbt', 'action': 'run_model', 'label': 'be4cab2a-7e7e-4123-8ae2-3a4b84492c1a', 'context': [<snowplow_tracker.self_describing_json.SelfDescribingJson object at 0x7f65c512ab80>]}
02:54:07.552943 [info ] [Thread-1  ]: 10 of 22 OK snapshotted stg.BC_BJAuctionCompany_PurchCrMemoLine_0972_Incr....... [[32mOK[0m in 51.54s]
02:54:07.554110 [debug] [Thread-1  ]: Finished running node snapshot.Shawn.BC_BJAuctionCompany_PurchCrMemoLine_0972_Incr
02:54:07.554401 [debug] [Thread-1  ]: Began running node snapshot.Shawn.BC_BJAuctionCompany_PurchInvHeader_8d9d_Incr
02:54:07.554866 [info ] [Thread-1  ]: 12 of 22 START snapshot stg.BC_BJAuctionCompany_PurchInvHeader_8d9d_Incr........ [RUN]
02:54:07.556324 [debug] [Thread-1  ]: Acquiring new synapse connection "snapshot.Shawn.BC_BJAuctionCompany_PurchInvHeader_8d9d_Incr"
02:54:07.556553 [debug] [Thread-1  ]: Began compiling node snapshot.Shawn.BC_BJAuctionCompany_PurchInvHeader_8d9d_Incr
02:54:07.556746 [debug] [Thread-1  ]: Compiling snapshot.Shawn.BC_BJAuctionCompany_PurchInvHeader_8d9d_Incr
02:54:07.560414 [debug] [Thread-1  ]: finished collecting timing info
02:54:07.560669 [debug] [Thread-1  ]: Began executing node snapshot.Shawn.BC_BJAuctionCompany_PurchInvHeader_8d9d_Incr
02:54:07.563507 [debug] [Thread-1  ]: Opening a new connection, currently in state closed
02:54:27.100145 [debug] [Thread-4  ]: Writing runtime SQL for node "snapshot.Shawn.BC_BJAuctionCompany_GLEntry_0972_Incr"
02:54:29.896280 [debug] [Thread-4  ]: On snapshot.Shawn.BC_BJAuctionCompany_GLEntry_0972_Incr: COMMIT
02:54:29.975436 [debug] [Thread-4  ]: finished collecting timing info
02:54:29.975999 [debug] [Thread-4  ]: On snapshot.Shawn.BC_BJAuctionCompany_GLEntry_0972_Incr: Close
02:54:29.977160 [debug] [Thread-4  ]: Sending event: {'category': 'dbt', 'action': 'run_model', 'label': 'be4cab2a-7e7e-4123-8ae2-3a4b84492c1a', 'context': [<snowplow_tracker.self_describing_json.SelfDescribingJson object at 0x7f65c512a640>]}
02:54:29.977734 [info ] [Thread-4  ]: 6 of 22 OK snapshotted stg.BC_BJAuctionCompany_GLEntry_0972_Incr................ [[32mOK[0m in 185.16s]
02:54:29.983133 [debug] [Thread-4  ]: Finished running node snapshot.Shawn.BC_BJAuctionCompany_GLEntry_0972_Incr
02:54:29.983495 [debug] [Thread-4  ]: Began running node snapshot.Shawn.BC_BJAuctionCompany_PurchInvLine_0972_Incr
02:54:29.984590 [info ] [Thread-4  ]: 13 of 22 START snapshot stg.BC_BJAuctionCompany_PurchInvLine_0972_Incr.......... [RUN]
02:54:29.985890 [debug] [Thread-4  ]: Acquiring new synapse connection "snapshot.Shawn.BC_BJAuctionCompany_PurchInvLine_0972_Incr"
02:54:29.986128 [debug] [Thread-4  ]: Began compiling node snapshot.Shawn.BC_BJAuctionCompany_PurchInvLine_0972_Incr
02:54:29.986331 [debug] [Thread-4  ]: Compiling snapshot.Shawn.BC_BJAuctionCompany_PurchInvLine_0972_Incr
02:54:29.989769 [debug] [Thread-4  ]: finished collecting timing info
02:54:29.990037 [debug] [Thread-4  ]: Began executing node snapshot.Shawn.BC_BJAuctionCompany_PurchInvLine_0972_Incr
02:54:29.993486 [debug] [Thread-4  ]: Opening a new connection, currently in state closed
02:54:50.250516 [debug] [Thread-1  ]: Writing runtime SQL for node "snapshot.Shawn.BC_BJAuctionCompany_PurchInvHeader_8d9d_Incr"
02:54:54.770884 [debug] [Thread-1  ]: On snapshot.Shawn.BC_BJAuctionCompany_PurchInvHeader_8d9d_Incr: COMMIT
02:54:55.003858 [debug] [Thread-1  ]: finished collecting timing info
02:54:55.004376 [debug] [Thread-1  ]: On snapshot.Shawn.BC_BJAuctionCompany_PurchInvHeader_8d9d_Incr: Close
02:54:55.005203 [debug] [Thread-1  ]: Sending event: {'category': 'dbt', 'action': 'run_model', 'label': 'be4cab2a-7e7e-4123-8ae2-3a4b84492c1a', 'context': [<snowplow_tracker.self_describing_json.SelfDescribingJson object at 0x7f65c512ae20>]}
02:54:55.005807 [info ] [Thread-1  ]: 12 of 22 OK snapshotted stg.BC_BJAuctionCompany_PurchInvHeader_8d9d_Incr........ [[32mOK[0m in 47.45s]
02:54:55.007148 [debug] [Thread-1  ]: Finished running node snapshot.Shawn.BC_BJAuctionCompany_PurchInvHeader_8d9d_Incr
02:54:55.007459 [debug] [Thread-1  ]: Began running node snapshot.Shawn.BC_BJAuctionCompany_SalesCrMemoHeader_0972_Incr
02:54:55.007904 [info ] [Thread-1  ]: 14 of 22 START snapshot stg.BC_BJAuctionCompany_SalesCrMemoHeader_0972_Incr..... [RUN]
02:54:55.009241 [debug] [Thread-1  ]: Acquiring new synapse connection "snapshot.Shawn.BC_BJAuctionCompany_SalesCrMemoHeader_0972_Incr"
02:54:55.009476 [debug] [Thread-1  ]: Began compiling node snapshot.Shawn.BC_BJAuctionCompany_SalesCrMemoHeader_0972_Incr
02:54:55.009678 [debug] [Thread-1  ]: Compiling snapshot.Shawn.BC_BJAuctionCompany_SalesCrMemoHeader_0972_Incr
02:54:55.013563 [debug] [Thread-1  ]: finished collecting timing info
02:54:55.013825 [debug] [Thread-1  ]: Began executing node snapshot.Shawn.BC_BJAuctionCompany_SalesCrMemoHeader_0972_Incr
02:54:55.016753 [debug] [Thread-1  ]: Opening a new connection, currently in state closed
02:54:58.854881 [debug] [Thread-2  ]: Writing runtime SQL for node "snapshot.Shawn.BC_BJAuctionCompany_DimensionSetEntry_0972_Incr"
02:55:01.736776 [debug] [Thread-2  ]: On snapshot.Shawn.BC_BJAuctionCompany_DimensionSetEntry_0972_Incr: COMMIT
02:55:01.827262 [debug] [Thread-2  ]: finished collecting timing info
02:55:01.827803 [debug] [Thread-2  ]: On snapshot.Shawn.BC_BJAuctionCompany_DimensionSetEntry_0972_Incr: Close
02:55:01.828655 [debug] [Thread-2  ]: Sending event: {'category': 'dbt', 'action': 'run_model', 'label': 'be4cab2a-7e7e-4123-8ae2-3a4b84492c1a', 'context': [<snowplow_tracker.self_describing_json.SelfDescribingJson object at 0x7f65c512a3a0>]}
02:55:01.829248 [info ] [Thread-2  ]: 5 of 22 OK snapshotted stg.BC_BJAuctionCompany_DimensionSetEntry_0972_Incr...... [[32mOK[0m in 222.48s]
02:55:01.830533 [debug] [Thread-2  ]: Finished running node snapshot.Shawn.BC_BJAuctionCompany_DimensionSetEntry_0972_Incr
02:55:01.830878 [debug] [Thread-2  ]: Began running node snapshot.Shawn.BC_BJAuctionCompany_SalesCrMemoHeader_8d9d_Incr
02:55:01.831341 [info ] [Thread-2  ]: 15 of 22 START snapshot stg.BC_BJAuctionCompany_SalesCrMemoHeader_8d9d_Incr..... [RUN]
02:55:01.832791 [debug] [Thread-2  ]: Acquiring new synapse connection "snapshot.Shawn.BC_BJAuctionCompany_SalesCrMemoHeader_8d9d_Incr"
02:55:01.833026 [debug] [Thread-2  ]: Began compiling node snapshot.Shawn.BC_BJAuctionCompany_SalesCrMemoHeader_8d9d_Incr
02:55:01.833229 [debug] [Thread-2  ]: Compiling snapshot.Shawn.BC_BJAuctionCompany_SalesCrMemoHeader_8d9d_Incr
02:55:01.837214 [debug] [Thread-2  ]: finished collecting timing info
02:55:01.837487 [debug] [Thread-2  ]: Began executing node snapshot.Shawn.BC_BJAuctionCompany_SalesCrMemoHeader_8d9d_Incr
02:55:01.840615 [debug] [Thread-2  ]: Opening a new connection, currently in state closed
02:55:02.066531 [debug] [Thread-3  ]: Writing runtime SQL for node "snapshot.Shawn.BC_BJAuctionCompany_PurchInvHeader_0972_Incr"
02:55:07.520353 [debug] [Thread-3  ]: On snapshot.Shawn.BC_BJAuctionCompany_PurchInvHeader_0972_Incr: COMMIT
02:55:07.606854 [debug] [Thread-3  ]: finished collecting timing info
02:55:07.609074 [debug] [Thread-3  ]: On snapshot.Shawn.BC_BJAuctionCompany_PurchInvHeader_0972_Incr: Close
02:55:07.611574 [debug] [Thread-3  ]: Sending event: {'category': 'dbt', 'action': 'run_model', 'label': 'be4cab2a-7e7e-4123-8ae2-3a4b84492c1a', 'context': [<snowplow_tracker.self_describing_json.SelfDescribingJson object at 0x7f65c512acd0>]}
02:55:07.612196 [info ] [Thread-3  ]: 11 of 22 OK snapshotted stg.BC_BJAuctionCompany_PurchInvHeader_0972_Incr........ [[32mOK[0m in 64.28s]
02:55:07.616182 [debug] [Thread-3  ]: Finished running node snapshot.Shawn.BC_BJAuctionCompany_PurchInvHeader_0972_Incr
02:55:07.616573 [debug] [Thread-3  ]: Began running node snapshot.Shawn.BC_BJAuctionCompany_SalesCrMemoLine_0972_Incr
02:55:07.617073 [info ] [Thread-3  ]: 16 of 22 START snapshot stg.BC_BJAuctionCompany_SalesCrMemoLine_0972_Incr....... [RUN]
02:55:07.618360 [debug] [Thread-3  ]: Acquiring new synapse connection "snapshot.Shawn.BC_BJAuctionCompany_SalesCrMemoLine_0972_Incr"
02:55:07.618642 [debug] [Thread-3  ]: Began compiling node snapshot.Shawn.BC_BJAuctionCompany_SalesCrMemoLine_0972_Incr
02:55:07.618858 [debug] [Thread-3  ]: Compiling snapshot.Shawn.BC_BJAuctionCompany_SalesCrMemoLine_0972_Incr
02:55:07.622373 [debug] [Thread-3  ]: finished collecting timing info
02:55:07.622658 [debug] [Thread-3  ]: Began executing node snapshot.Shawn.BC_BJAuctionCompany_SalesCrMemoLine_0972_Incr
02:55:07.626238 [debug] [Thread-3  ]: Opening a new connection, currently in state closed
02:55:34.022269 [debug] [Thread-2  ]: Writing runtime SQL for node "snapshot.Shawn.BC_BJAuctionCompany_SalesCrMemoHeader_8d9d_Incr"
02:55:36.445663 [debug] [Thread-2  ]: On snapshot.Shawn.BC_BJAuctionCompany_SalesCrMemoHeader_8d9d_Incr: COMMIT
02:55:36.530719 [debug] [Thread-2  ]: finished collecting timing info
02:55:36.531219 [debug] [Thread-2  ]: On snapshot.Shawn.BC_BJAuctionCompany_SalesCrMemoHeader_8d9d_Incr: Close
02:55:36.532049 [debug] [Thread-2  ]: Sending event: {'category': 'dbt', 'action': 'run_model', 'label': 'be4cab2a-7e7e-4123-8ae2-3a4b84492c1a', 'context': [<snowplow_tracker.self_describing_json.SelfDescribingJson object at 0x7f65c512a790>]}
02:55:36.532631 [info ] [Thread-2  ]: 15 of 22 OK snapshotted stg.BC_BJAuctionCompany_SalesCrMemoHeader_8d9d_Incr..... [[32mOK[0m in 34.70s]
02:55:36.534125 [debug] [Thread-2  ]: Finished running node snapshot.Shawn.BC_BJAuctionCompany_SalesCrMemoHeader_8d9d_Incr
02:55:36.534436 [debug] [Thread-2  ]: Began running node snapshot.Shawn.BC_BJAuctionCompany_SalesInvoiceEntityAggregate_0972_Incr
02:55:36.534931 [info ] [Thread-2  ]: 17 of 22 START snapshot stg.BC_BJAuctionCompany_SalesInvoiceEntityAggregate_0972_Incr [RUN]
02:55:36.535974 [debug] [Thread-2  ]: Acquiring new synapse connection "snapshot.Shawn.BC_BJAuctionCompany_SalesInvoiceEntityAggregate_0972_Incr"
02:55:36.536207 [debug] [Thread-2  ]: Began compiling node snapshot.Shawn.BC_BJAuctionCompany_SalesInvoiceEntityAggregate_0972_Incr
02:55:36.536404 [debug] [Thread-2  ]: Compiling snapshot.Shawn.BC_BJAuctionCompany_SalesInvoiceEntityAggregate_0972_Incr
02:55:36.540344 [debug] [Thread-2  ]: finished collecting timing info
02:55:36.540604 [debug] [Thread-2  ]: Began executing node snapshot.Shawn.BC_BJAuctionCompany_SalesInvoiceEntityAggregate_0972_Incr
02:55:36.543594 [debug] [Thread-2  ]: Opening a new connection, currently in state closed
02:55:51.130936 [debug] [Thread-4  ]: Writing runtime SQL for node "snapshot.Shawn.BC_BJAuctionCompany_PurchInvLine_0972_Incr"
02:55:52.382071 [debug] [Thread-1  ]: Writing runtime SQL for node "snapshot.Shawn.BC_BJAuctionCompany_SalesCrMemoHeader_0972_Incr"
02:55:54.921476 [debug] [Thread-4  ]: On snapshot.Shawn.BC_BJAuctionCompany_PurchInvLine_0972_Incr: COMMIT
02:55:55.097073 [debug] [Thread-4  ]: finished collecting timing info
02:55:55.097621 [debug] [Thread-4  ]: On snapshot.Shawn.BC_BJAuctionCompany_PurchInvLine_0972_Incr: Close
02:55:55.098492 [debug] [Thread-4  ]: Sending event: {'category': 'dbt', 'action': 'run_model', 'label': 'be4cab2a-7e7e-4123-8ae2-3a4b84492c1a', 'context': [<snowplow_tracker.self_describing_json.SelfDescribingJson object at 0x7f65c512a8e0>]}
02:55:55.099162 [info ] [Thread-4  ]: 13 of 22 OK snapshotted stg.BC_BJAuctionCompany_PurchInvLine_0972_Incr.......... [[32mOK[0m in 85.11s]
02:55:55.100497 [debug] [Thread-4  ]: Finished running node snapshot.Shawn.BC_BJAuctionCompany_PurchInvLine_0972_Incr
02:55:55.100819 [debug] [Thread-4  ]: Began running node snapshot.Shawn.BC_BJAuctionCompany_SalesInvoiceHeader_0972_Incr
02:55:55.101277 [info ] [Thread-4  ]: 18 of 22 START snapshot stg.BC_BJAuctionCompany_SalesInvoiceHeader_0972_Incr.... [RUN]
02:55:55.102663 [debug] [Thread-4  ]: Acquiring new synapse connection "snapshot.Shawn.BC_BJAuctionCompany_SalesInvoiceHeader_0972_Incr"
02:55:55.102899 [debug] [Thread-4  ]: Began compiling node snapshot.Shawn.BC_BJAuctionCompany_SalesInvoiceHeader_0972_Incr
02:55:55.103098 [debug] [Thread-4  ]: Compiling snapshot.Shawn.BC_BJAuctionCompany_SalesInvoiceHeader_0972_Incr
02:55:55.107037 [debug] [Thread-4  ]: finished collecting timing info
02:55:55.107292 [debug] [Thread-4  ]: Began executing node snapshot.Shawn.BC_BJAuctionCompany_SalesInvoiceHeader_0972_Incr
02:55:55.109983 [debug] [Thread-4  ]: Opening a new connection, currently in state closed
02:55:56.633240 [debug] [Thread-1  ]: On snapshot.Shawn.BC_BJAuctionCompany_SalesCrMemoHeader_0972_Incr: COMMIT
02:55:56.733463 [debug] [Thread-1  ]: finished collecting timing info
02:55:56.734393 [debug] [Thread-1  ]: On snapshot.Shawn.BC_BJAuctionCompany_SalesCrMemoHeader_0972_Incr: Close
02:55:56.735270 [debug] [Thread-1  ]: Sending event: {'category': 'dbt', 'action': 'run_model', 'label': 'be4cab2a-7e7e-4123-8ae2-3a4b84492c1a', 'context': [<snowplow_tracker.self_describing_json.SelfDescribingJson object at 0x7f65c5134100>]}
02:55:56.735829 [info ] [Thread-1  ]: 14 of 22 OK snapshotted stg.BC_BJAuctionCompany_SalesCrMemoHeader_0972_Incr..... [[32mOK[0m in 61.73s]
02:55:56.737113 [debug] [Thread-1  ]: Finished running node snapshot.Shawn.BC_BJAuctionCompany_SalesCrMemoHeader_0972_Incr
02:55:56.737400 [debug] [Thread-1  ]: Began running node snapshot.Shawn.BC_BJAuctionCompany_SalesInvoiceHeader_8d9d_Incr
02:55:56.737828 [info ] [Thread-1  ]: 19 of 22 START snapshot stg.BC_BJAuctionCompany_SalesInvoiceHeader_8d9d_Incr.... [RUN]
02:55:56.739344 [debug] [Thread-1  ]: Acquiring new synapse connection "snapshot.Shawn.BC_BJAuctionCompany_SalesInvoiceHeader_8d9d_Incr"
02:55:56.739577 [debug] [Thread-1  ]: Began compiling node snapshot.Shawn.BC_BJAuctionCompany_SalesInvoiceHeader_8d9d_Incr
02:55:56.739771 [debug] [Thread-1  ]: Compiling snapshot.Shawn.BC_BJAuctionCompany_SalesInvoiceHeader_8d9d_Incr
02:55:56.743514 [debug] [Thread-1  ]: finished collecting timing info
02:55:56.747892 [debug] [Thread-1  ]: Began executing node snapshot.Shawn.BC_BJAuctionCompany_SalesInvoiceHeader_8d9d_Incr
02:55:56.750851 [debug] [Thread-1  ]: Opening a new connection, currently in state closed
02:55:57.063443 [debug] [Thread-3  ]: Writing runtime SQL for node "snapshot.Shawn.BC_BJAuctionCompany_SalesCrMemoLine_0972_Incr"
02:56:00.574739 [debug] [Thread-3  ]: On snapshot.Shawn.BC_BJAuctionCompany_SalesCrMemoLine_0972_Incr: COMMIT
02:56:00.669509 [debug] [Thread-3  ]: finished collecting timing info
02:56:00.670058 [debug] [Thread-3  ]: On snapshot.Shawn.BC_BJAuctionCompany_SalesCrMemoLine_0972_Incr: Close
02:56:00.670967 [debug] [Thread-3  ]: Sending event: {'category': 'dbt', 'action': 'run_model', 'label': 'be4cab2a-7e7e-4123-8ae2-3a4b84492c1a', 'context': [<snowplow_tracker.self_describing_json.SelfDescribingJson object at 0x7f65c454d310>]}
02:56:00.671577 [info ] [Thread-3  ]: 16 of 22 OK snapshotted stg.BC_BJAuctionCompany_SalesCrMemoLine_0972_Incr....... [[32mOK[0m in 53.05s]
02:56:00.672781 [debug] [Thread-3  ]: Finished running node snapshot.Shawn.BC_BJAuctionCompany_SalesCrMemoLine_0972_Incr
02:56:00.673078 [debug] [Thread-3  ]: Began running node snapshot.Shawn.BC_BJAuctionCompany_SalesInvoiceLine_0972_Incr
02:56:00.673536 [info ] [Thread-3  ]: 20 of 22 START snapshot stg.BC_BJAuctionCompany_SalesInvoiceLine_0972_Incr...... [RUN]
02:56:00.674970 [debug] [Thread-3  ]: Acquiring new synapse connection "snapshot.Shawn.BC_BJAuctionCompany_SalesInvoiceLine_0972_Incr"
02:56:00.675209 [debug] [Thread-3  ]: Began compiling node snapshot.Shawn.BC_BJAuctionCompany_SalesInvoiceLine_0972_Incr
02:56:00.675407 [debug] [Thread-3  ]: Compiling snapshot.Shawn.BC_BJAuctionCompany_SalesInvoiceLine_0972_Incr
02:56:00.679206 [debug] [Thread-3  ]: finished collecting timing info
02:56:00.679513 [debug] [Thread-3  ]: Began executing node snapshot.Shawn.BC_BJAuctionCompany_SalesInvoiceLine_0972_Incr
02:56:00.682566 [debug] [Thread-3  ]: Opening a new connection, currently in state closed
02:56:11.200180 [debug] [Thread-2  ]: Writing runtime SQL for node "snapshot.Shawn.BC_BJAuctionCompany_SalesInvoiceEntityAggregate_0972_Incr"
02:56:16.761085 [debug] [Thread-2  ]: On snapshot.Shawn.BC_BJAuctionCompany_SalesInvoiceEntityAggregate_0972_Incr: COMMIT
02:56:16.858412 [debug] [Thread-2  ]: finished collecting timing info
02:56:16.858953 [debug] [Thread-2  ]: On snapshot.Shawn.BC_BJAuctionCompany_SalesInvoiceEntityAggregate_0972_Incr: Close
02:56:16.859782 [debug] [Thread-2  ]: Sending event: {'category': 'dbt', 'action': 'run_model', 'label': 'be4cab2a-7e7e-4123-8ae2-3a4b84492c1a', 'context': [<snowplow_tracker.self_describing_json.SelfDescribingJson object at 0x7f65c51344f0>]}
02:56:16.860387 [info ] [Thread-2  ]: 17 of 22 OK snapshotted stg.BC_BJAuctionCompany_SalesInvoiceEntityAggregate_0972_Incr [[32mOK[0m in 40.32s]
02:56:16.861642 [debug] [Thread-2  ]: Finished running node snapshot.Shawn.BC_BJAuctionCompany_SalesInvoiceEntityAggregate_0972_Incr
02:56:16.861949 [debug] [Thread-2  ]: Began running node snapshot.Shawn.BC_BJAuctionCompany_VendorLedgerEntry_0972_Incr
02:56:16.862382 [info ] [Thread-2  ]: 21 of 22 START snapshot stg.BC_BJAuctionCompany_VendorLedgerEntry_0972_Incr..... [RUN]
02:56:16.863754 [debug] [Thread-2  ]: Acquiring new synapse connection "snapshot.Shawn.BC_BJAuctionCompany_VendorLedgerEntry_0972_Incr"
02:56:16.863986 [debug] [Thread-2  ]: Began compiling node snapshot.Shawn.BC_BJAuctionCompany_VendorLedgerEntry_0972_Incr
02:56:16.864183 [debug] [Thread-2  ]: Compiling snapshot.Shawn.BC_BJAuctionCompany_VendorLedgerEntry_0972_Incr
02:56:16.868016 [debug] [Thread-2  ]: finished collecting timing info
02:56:16.868273 [debug] [Thread-2  ]: Began executing node snapshot.Shawn.BC_BJAuctionCompany_VendorLedgerEntry_0972_Incr
02:56:16.871745 [debug] [Thread-2  ]: Opening a new connection, currently in state closed
02:56:17.813427 [debug] [Thread-1  ]: Writing runtime SQL for node "snapshot.Shawn.BC_BJAuctionCompany_SalesInvoiceHeader_8d9d_Incr"
02:56:25.867340 [debug] [Thread-1  ]: On snapshot.Shawn.BC_BJAuctionCompany_SalesInvoiceHeader_8d9d_Incr: COMMIT
02:56:26.114343 [debug] [Thread-1  ]: finished collecting timing info
02:56:26.114914 [debug] [Thread-1  ]: On snapshot.Shawn.BC_BJAuctionCompany_SalesInvoiceHeader_8d9d_Incr: Close
02:56:26.115789 [debug] [Thread-1  ]: Sending event: {'category': 'dbt', 'action': 'run_model', 'label': 'be4cab2a-7e7e-4123-8ae2-3a4b84492c1a', 'context': [<snowplow_tracker.self_describing_json.SelfDescribingJson object at 0x7f65c51343a0>]}
02:56:26.116379 [info ] [Thread-1  ]: 19 of 22 OK snapshotted stg.BC_BJAuctionCompany_SalesInvoiceHeader_8d9d_Incr.... [[32mOK[0m in 29.38s]
02:56:26.117657 [debug] [Thread-1  ]: Finished running node snapshot.Shawn.BC_BJAuctionCompany_SalesInvoiceHeader_8d9d_Incr
02:56:26.117961 [debug] [Thread-1  ]: Began running node snapshot.Shawn.BC_BJAuctionCompany_Vendor_0972_Incr
02:56:26.118398 [info ] [Thread-1  ]: 22 of 22 START snapshot stg.BC_BJAuctionCompany_Vendor_0972_Incr................ [RUN]
02:56:26.119774 [debug] [Thread-1  ]: Acquiring new synapse connection "snapshot.Shawn.BC_BJAuctionCompany_Vendor_0972_Incr"
02:56:26.120008 [debug] [Thread-1  ]: Began compiling node snapshot.Shawn.BC_BJAuctionCompany_Vendor_0972_Incr
02:56:26.120206 [debug] [Thread-1  ]: Compiling snapshot.Shawn.BC_BJAuctionCompany_Vendor_0972_Incr
02:56:26.124121 [debug] [Thread-1  ]: finished collecting timing info
02:56:26.124402 [debug] [Thread-1  ]: Began executing node snapshot.Shawn.BC_BJAuctionCompany_Vendor_0972_Incr
02:56:26.128199 [debug] [Thread-1  ]: Opening a new connection, currently in state closed
02:57:07.400875 [debug] [Thread-1  ]: Writing runtime SQL for node "snapshot.Shawn.BC_BJAuctionCompany_Vendor_0972_Incr"
02:57:11.159258 [debug] [Thread-1  ]: On snapshot.Shawn.BC_BJAuctionCompany_Vendor_0972_Incr: COMMIT
02:57:11.257145 [debug] [Thread-1  ]: finished collecting timing info
02:57:11.257631 [debug] [Thread-1  ]: On snapshot.Shawn.BC_BJAuctionCompany_Vendor_0972_Incr: Close
02:57:11.258424 [debug] [Thread-1  ]: Sending event: {'category': 'dbt', 'action': 'run_model', 'label': 'be4cab2a-7e7e-4123-8ae2-3a4b84492c1a', 'context': [<snowplow_tracker.self_describing_json.SelfDescribingJson object at 0x7f65c5134a60>]}
02:57:11.259005 [info ] [Thread-1  ]: 22 of 22 OK snapshotted stg.BC_BJAuctionCompany_Vendor_0972_Incr................ [[32mOK[0m in 45.14s]
02:57:11.260214 [debug] [Thread-1  ]: Finished running node snapshot.Shawn.BC_BJAuctionCompany_Vendor_0972_Incr
02:57:25.757699 [debug] [Thread-2  ]: Writing runtime SQL for node "snapshot.Shawn.BC_BJAuctionCompany_VendorLedgerEntry_0972_Incr"
02:57:28.272483 [debug] [Thread-2  ]: On snapshot.Shawn.BC_BJAuctionCompany_VendorLedgerEntry_0972_Incr: COMMIT
02:57:28.326965 [debug] [Thread-2  ]: finished collecting timing info
02:57:28.327481 [debug] [Thread-2  ]: On snapshot.Shawn.BC_BJAuctionCompany_VendorLedgerEntry_0972_Incr: Close
02:57:28.328329 [debug] [Thread-2  ]: Sending event: {'category': 'dbt', 'action': 'run_model', 'label': 'be4cab2a-7e7e-4123-8ae2-3a4b84492c1a', 'context': [<snowplow_tracker.self_describing_json.SelfDescribingJson object at 0x7f65c453d760>]}
02:57:28.328931 [info ] [Thread-2  ]: 21 of 22 OK snapshotted stg.BC_BJAuctionCompany_VendorLedgerEntry_0972_Incr..... [[32mOK[0m in 71.46s]
02:57:28.330184 [debug] [Thread-2  ]: Finished running node snapshot.Shawn.BC_BJAuctionCompany_VendorLedgerEntry_0972_Incr
02:57:40.892121 [debug] [Thread-3  ]: Writing runtime SQL for node "snapshot.Shawn.BC_BJAuctionCompany_SalesInvoiceLine_0972_Incr"
02:57:43.593484 [debug] [Thread-3  ]: On snapshot.Shawn.BC_BJAuctionCompany_SalesInvoiceLine_0972_Incr: COMMIT
02:57:43.643372 [debug] [Thread-3  ]: finished collecting timing info
02:57:43.643870 [debug] [Thread-3  ]: On snapshot.Shawn.BC_BJAuctionCompany_SalesInvoiceLine_0972_Incr: Close
02:57:43.644644 [debug] [Thread-3  ]: Sending event: {'category': 'dbt', 'action': 'run_model', 'label': 'be4cab2a-7e7e-4123-8ae2-3a4b84492c1a', 'context': [<snowplow_tracker.self_describing_json.SelfDescribingJson object at 0x7f65c450b7f0>]}
02:57:43.645215 [info ] [Thread-3  ]: 20 of 22 OK snapshotted stg.BC_BJAuctionCompany_SalesInvoiceLine_0972_Incr...... [[32mOK[0m in 102.97s]
02:57:43.646451 [debug] [Thread-3  ]: Finished running node snapshot.Shawn.BC_BJAuctionCompany_SalesInvoiceLine_0972_Incr
02:57:44.695630 [debug] [Thread-4  ]: Writing runtime SQL for node "snapshot.Shawn.BC_BJAuctionCompany_SalesInvoiceHeader_0972_Incr"
02:57:48.693989 [debug] [Thread-4  ]: On snapshot.Shawn.BC_BJAuctionCompany_SalesInvoiceHeader_0972_Incr: COMMIT
02:57:48.747381 [debug] [Thread-4  ]: finished collecting timing info
02:57:48.747875 [debug] [Thread-4  ]: On snapshot.Shawn.BC_BJAuctionCompany_SalesInvoiceHeader_0972_Incr: Close
02:57:48.748693 [debug] [Thread-4  ]: Sending event: {'category': 'dbt', 'action': 'run_model', 'label': 'be4cab2a-7e7e-4123-8ae2-3a4b84492c1a', 'context': [<snowplow_tracker.self_describing_json.SelfDescribingJson object at 0x7f65c4644d60>]}
02:57:48.749268 [info ] [Thread-4  ]: 18 of 22 OK snapshotted stg.BC_BJAuctionCompany_SalesInvoiceHeader_0972_Incr.... [[32mOK[0m in 113.65s]
02:57:48.750351 [debug] [Thread-4  ]: Finished running node snapshot.Shawn.BC_BJAuctionCompany_SalesInvoiceHeader_0972_Incr
02:57:48.752494 [debug] [MainThread]: Acquiring new synapse connection "master"
02:57:48.752713 [debug] [MainThread]: On master: COMMIT
02:57:48.753037 [info ] [MainThread]: 
02:57:48.753730 [info ] [MainThread]: Finished running 22 snapshots in 467.95s.
02:57:48.754699 [debug] [MainThread]: Connection 'master' was properly closed.
02:57:48.754924 [debug] [MainThread]: Connection 'snapshot.Shawn.BC_BJAuctionCompany_VendorLedgerEntry_0972_Incr' was properly closed.
02:57:48.755093 [debug] [MainThread]: Connection 'snapshot.Shawn.BC_BJAuctionCompany_Vendor_0972_Incr' was properly closed.
02:57:48.755250 [debug] [MainThread]: Connection 'snapshot.Shawn.BC_BJAuctionCompany_SalesInvoiceLine_0972_Incr' was properly closed.
02:57:48.755402 [debug] [MainThread]: Connection 'snapshot.Shawn.BC_BJAuctionCompany_SalesInvoiceHeader_0972_Incr' was properly closed.
02:57:48.766741 [info ] [MainThread]: 
02:57:48.767763 [info ] [MainThread]: [32mCompleted successfully[0m
02:57:48.769476 [info ] [MainThread]: 
02:57:48.770646 [info ] [MainThread]: Done. PASS=22 WARN=0 ERROR=0 SKIP=0 TOTAL=22
02:57:48.771688 [debug] [MainThread]: Sending event: {'category': 'dbt', 'action': 'invocation', 'label': 'end', 'context': [<snowplow_tracker.self_describing_json.SelfDescribingJson object at 0x7f65c6d01d00>, <snowplow_tracker.self_describing_json.SelfDescribingJson object at 0x7f65c5122fa0>, <snowplow_tracker.self_describing_json.SelfDescribingJson object at 0x7f65c5122f40>]}
